SF:/Users/ivan/projects/github/esp/orion-rust/crates/orion-core/src/config.rs
FN:10,_RNvMNtCs20Ygd6RoaGo_10orion_core6configNtB2_9Direction11is_opposite
FN:20,_RNvMNtCs20Ygd6RoaGo_10orion_core6configNtB2_9Direction8opposite
FN:37,_RNvMs_NtCs20Ygd6RoaGo_10orion_core6configNtB4_4Cell3new
FN:76,_RNvNtCs20Ygd6RoaGo_10orion_core6config10wrap_index
FN:60,_RNvNtCs20Ygd6RoaGo_10orion_core6config12wrapped_cell
FN:56,_RNvNtCs20Ygd6RoaGo_10orion_core6config8on_board
FNDA:2,_RNvMNtCs20Ygd6RoaGo_10orion_core6configNtB2_9Direction11is_opposite
FNDA:18,_RNvMNtCs20Ygd6RoaGo_10orion_core6configNtB2_9Direction8opposite
FNDA:213,_RNvMs_NtCs20Ygd6RoaGo_10orion_core6configNtB4_4Cell3new
FNDA:18,_RNvNtCs20Ygd6RoaGo_10orion_core6config10wrap_index
FNDA:11,_RNvNtCs20Ygd6RoaGo_10orion_core6config12wrapped_cell
FNDA:57,_RNvNtCs20Ygd6RoaGo_10orion_core6config8on_board
FNF:6
FNH:6
DA:10,2
DA:11,1
DA:12,2
DA:18,2
DA:20,18
DA:21,18
DA:22,0
DA:23,0
DA:24,0
DA:25,18
DA:27,18
DA:37,213
DA:38,213
DA:39,213
DA:56,57
DA:57,57
DA:58,57
DA:60,11
DA:61,11
DA:62,11
DA:63,11
DA:64,0
DA:65,11
DA:66,1
DA:67,10
DA:68,11
DA:69,0
DA:70,11
DA:71,0
DA:72,11
DA:73,11
DA:74,11
DA:76,18
DA:77,18
DA:78,18
BRF:0
BRH:0
LF:35
LH:29
end_of_record
SF:/Users/ivan/projects/github/esp/orion-rust/crates/orion-core/src/flags.rs
FN:319,_RNvMNtCs20Ygd6RoaGo_10orion_core5flagsNtB2_9FlagsGame10best_score
FN:158,_RNvMNtCs20Ygd6RoaGo_10orion_core5flagsNtB2_9FlagsGame10cycle_mode
FN:279,_RNvMNtCs20Ygd6RoaGo_10orion_core5flagsNtB2_9FlagsGame11active_mode
FN:327,_RNvMNtCs20Ygd6RoaGo_10orion_core5flagsNtB2_9FlagsGame11answer_flag
FN:323,_RNvMNtCs20Ygd6RoaGo_10orion_core5flagsNtB2_9FlagsGame12current_flag
FN:380,_RNvMNtCs20Ygd6RoaGo_10orion_core5flagsNtB2_9FlagsGame12enter_paused
FN:287,_RNvMNtCs20Ygd6RoaGo_10orion_core5flagsNtB2_9FlagsGame12pause_action
FN:283,_RNvMNtCs20Ygd6RoaGo_10orion_core5flagsNtB2_9FlagsGame13result_action
FN:275,_RNvMNtCs20Ygd6RoaGo_10orion_core5flagsNtB2_9FlagsGame13selected_mode
FN:307,_RNvMNtCs20Ygd6RoaGo_10orion_core5flagsNtB2_9FlagsGame14answer_indices
FN:220,_RNvMNtCs20Ygd6RoaGo_10orion_core5flagsNtB2_9FlagsGame14confirm_answer
FN:299,_RNvMNtCs20Ygd6RoaGo_10orion_core5flagsNtB2_9FlagsGame14correct_answer
FN:291,_RNvMNtCs20Ygd6RoaGo_10orion_core5flagsNtB2_9FlagsGame15choosing_action
FN:295,_RNvMNtCs20Ygd6RoaGo_10orion_core5flagsNtB2_9FlagsGame15selected_answer
FN:175,_RNvMNtCs20Ygd6RoaGo_10orion_core5flagsNtB2_9FlagsGame16select_next_mode
FN:387,_RNvMNtCs20Ygd6RoaGo_10orion_core5flagsNtB2_9FlagsGame17resume_from_pause
FN:393,_RNvMNtCs20Ygd6RoaGo_10orion_core5flagsNtB2_9FlagsGame17set_selected_mode
FN:373,_RNvMNtCs20Ygd6RoaGo_10orion_core5flagsNtB2_9FlagsGame18cycle_pause_action
FN:263,_RNvMNtCs20Ygd6RoaGo_10orion_core5flagsNtB2_9FlagsGame19cycle_result_action
FN:303,_RNvMNtCs20Ygd6RoaGo_10orion_core5flagsNtB2_9FlagsGame19last_answer_correct
FN:171,_RNvMNtCs20Ygd6RoaGo_10orion_core5flagsNtB2_9FlagsGame20select_previous_mode
FN:179,_RNvMNtCs20Ygd6RoaGo_10orion_core5flagsNtB2_9FlagsGame21move_answer_selection
FN:209,_RNvMNtCs20Ygd6RoaGo_10orion_core5flagsNtB2_9FlagsGame22cycle_answer_selection
FN:401,_RNvMNtCs20Ygd6RoaGo_10orion_core5flagsNtB2_9FlagsGame22reset_question_history
FN:351,_RNvMNtCs20Ygd6RoaGo_10orion_core5flagsNtB2_9FlagsGame24cycle_choosing_action_up
FN:248,_RNvMNtCs20Ygd6RoaGo_10orion_core5flagsNtB2_9FlagsGame25select_next_result_action
FN:331,_RNvMNtCs20Ygd6RoaGo_10orion_core5flagsNtB2_9FlagsGame26cycle_choosing_action_down
FN:259,_RNvMNtCs20Ygd6RoaGo_10orion_core5flagsNtB2_9FlagsGame29select_previous_result_action
FN:114,_RNvMNtCs20Ygd6RoaGo_10orion_core5flagsNtB2_9FlagsGame3new
FN:315,_RNvMNtCs20Ygd6RoaGo_10orion_core5flagsNtB2_9FlagsGame5round
FN:311,_RNvMNtCs20Ygd6RoaGo_10orion_core5flagsNtB2_9FlagsGame5score
FN:271,_RNvMNtCs20Ygd6RoaGo_10orion_core5flagsNtB2_9FlagsGame5state
FN:493,_RNvNtCs20Ygd6RoaGo_10orion_core5flags15cycle_mode_from
FN:451,_RNvNtCs20Ygd6RoaGo_10orion_core5flags15flags_mode_name
FN:476,_RNvNtCs20Ygd6RoaGo_10orion_core5flags16flags_mode_index
FN:459,_RNvNtCs20Ygd6RoaGo_10orion_core5flags17flags_state_title
FN:484,_RNvNtCs20Ygd6RoaGo_10orion_core5flags21flags_mode_from_index
FN:469,_RNvNtCs20Ygd6RoaGo_10orion_core5flags24flags_result_action_name
FN:629,_RNvNtNtCs20Ygd6RoaGo_10orion_core5flags5testss_22cycle_answer_selection
FN:721,_RNvNtNtCs20Ygd6RoaGo_10orion_core5flags5testss_26cycle_pause_action_toggles
FN:768,_RNvNtNtCs20Ygd6RoaGo_10orion_core5flags5testss_26cycle_result_action_cycles
FN:792,_RNvNtNtCs20Ygd6RoaGo_10orion_core5flags5testss_26flags_mode_name_covers_all
FN:815,_RNvNtNtCs20Ygd6RoaGo_10orion_core5flags5testss_27enter_choosing_resets_state
FN:751,_RNvNtNtCs20Ygd6RoaGo_10orion_core5flags5testss_27select_result_action_cycles
FN:805,_RNvNtNtCs20Ygd6RoaGo_10orion_core5flags5testss_28flags_state_title_covers_all
FN:591,_RNvNtNtCs20Ygd6RoaGo_10orion_core5flags5testss_29select_previous_and_next_mode
FN:600,_RNvNtNtCs20Ygd6RoaGo_10orion_core5flags5testss_30move_answer_left_right_up_down
FN:564,_RNvNtNtCs20Ygd6RoaGo_10orion_core5flags5testss_31cycle_mode_cycles_through_modes
FN:695,_RNvNtNtCs20Ygd6RoaGo_10orion_core5flags5testss_33cycle_choosing_action_down_and_up
FN:744,_RNvNtNtCs20Ygd6RoaGo_10orion_core5flags5testss_34resume_from_pause_only_when_paused
FN:519,_RNvNtNtCs20Ygd6RoaGo_10orion_core5flags5testss_35answer_navigation_matches_tile_grid
FN:582,_RNvNtNtCs20Ygd6RoaGo_10orion_core5flags5testss_35cycle_mode_ignores_outside_choosing
FN:799,_RNvNtNtCs20Ygd6RoaGo_10orion_core5flags5testss_35flags_result_action_name_covers_all
FN:549,_RNvNtNtCs20Ygd6RoaGo_10orion_core5flags5testss_35quiz20_finishes_after_twenty_rounds
FN:623,_RNvNtNtCs20Ygd6RoaGo_10orion_core5flags5testss_37move_answer_ignores_when_not_question
FN:642,_RNvNtNtCs20Ygd6RoaGo_10orion_core5flags5testss_39confirm_answer_correct_increments_score
FN:576,_RNvNtNtCs20Ygd6RoaGo_10orion_core5flags5testss_39cycle_mode_returns_false_when_no_change
FN:654,_RNvNtNtCs20Ygd6RoaGo_10orion_core5flags5testss_40confirm_answer_ignores_when_not_question
FN:783,_RNvNtNtCs20Ygd6RoaGo_10orion_core5flags5testss_40select_result_action_ignores_wrong_state
FN:686,_RNvNtNtCs20Ygd6RoaGo_10orion_core5flags5testss_41finish_feedback_ignores_when_not_feedback
FN:674,_RNvNtNtCs20Ygd6RoaGo_10orion_core5flags5testss_42finish_feedback_quiz20_mid_round_continues
FN:731,_RNvNtNtCs20Ygd6RoaGo_10orion_core5flags5testss_43enter_paused_only_from_question_or_feedback
FN:661,_RNvNtNtCs20Ygd6RoaGo_10orion_core5flags5testss_46finish_feedback_practice_goes_to_next_question
FN:534,_RNvNtNtCs20Ygd6RoaGo_10orion_core5flags5testss_47death_match_wrong_answer_ends_and_persists_best
FN:504,_RNvNtNtCs20Ygd6RoaGo_10orion_core5flags5testss_49question_has_four_unique_answers_and_correct_once
FN:712,_RNvNtNtCs20Ygd6RoaGo_10orion_core5flags5testss_51cycle_choosing_action_ignores_outside_choosing_mode
FN:406,_RINvMNtCs20Ygd6RoaGo_10orion_core5flagsNtB3_9FlagsGame13next_questionNtNtB5_3rng11ScriptedRngEB5_
FN:138,_RINvMNtCs20Ygd6RoaGo_10orion_core5flagsNtB3_9FlagsGame14enter_choosingNtNtB5_5store20MemoryHighScoreStoreEB5_
FN:231,_RINvMNtCs20Ygd6RoaGo_10orion_core5flagsNtB3_9FlagsGame15finish_feedbackNtNtB5_5store20MemoryHighScoreStoreNtNtB5_3rng11ScriptedRngEB5_
FN:397,_RINvMNtCs20Ygd6RoaGo_10orion_core5flagsNtB3_9FlagsGame18refresh_best_scoreNtNtB5_5store20MemoryHighScoreStoreEB5_
FN:148,_RINvMNtCs20Ygd6RoaGo_10orion_core5flagsNtB3_9FlagsGame19start_selected_modeNtNtB5_5store20MemoryHighScoreStoreNtNtB5_3rng11ScriptedRngEB5_
FN:429,_RINvMNtCs20Ygd6RoaGo_10orion_core5flagsNtB3_9FlagsGame24select_next_correct_flagNtNtB5_3rng11ScriptedRngEB5_
FNDA:3,_RNvMNtCs20Ygd6RoaGo_10orion_core5flagsNtB2_9FlagsGame10best_score
FNDA:7,_RNvMNtCs20Ygd6RoaGo_10orion_core5flagsNtB2_9FlagsGame10cycle_mode
FNDA:12,_RNvMNtCs20Ygd6RoaGo_10orion_core5flagsNtB2_9FlagsGame11active_mode
FNDA:23,_RNvMNtCs20Ygd6RoaGo_10orion_core5flagsNtB2_9FlagsGame11answer_flag
FNDA:4,_RNvMNtCs20Ygd6RoaGo_10orion_core5flagsNtB2_9FlagsGame12current_flag
FNDA:5,_RNvMNtCs20Ygd6RoaGo_10orion_core5flagsNtB2_9FlagsGame12enter_paused
FNDA:6,_RNvMNtCs20Ygd6RoaGo_10orion_core5flagsNtB2_9FlagsGame12pause_action
FNDA:8,_RNvMNtCs20Ygd6RoaGo_10orion_core5flagsNtB2_9FlagsGame13result_action
FNDA:6,_RNvMNtCs20Ygd6RoaGo_10orion_core5flagsNtB2_9FlagsGame13selected_mode
FNDA:1,_RNvMNtCs20Ygd6RoaGo_10orion_core5flagsNtB2_9FlagsGame14answer_indices
FNDA:51,_RNvMNtCs20Ygd6RoaGo_10orion_core5flagsNtB2_9FlagsGame14confirm_answer
FNDA:12,_RNvMNtCs20Ygd6RoaGo_10orion_core5flagsNtB2_9FlagsGame14correct_answer
FNDA:15,_RNvMNtCs20Ygd6RoaGo_10orion_core5flagsNtB2_9FlagsGame15choosing_action
FNDA:69,_RNvMNtCs20Ygd6RoaGo_10orion_core5flagsNtB2_9FlagsGame15selected_answer
FNDA:1,_RNvMNtCs20Ygd6RoaGo_10orion_core5flagsNtB2_9FlagsGame16select_next_mode
FNDA:1,_RNvMNtCs20Ygd6RoaGo_10orion_core5flagsNtB2_9FlagsGame17resume_from_pause
FNDA:13,_RNvMNtCs20Ygd6RoaGo_10orion_core5flagsNtB2_9FlagsGame17set_selected_mode
FNDA:3,_RNvMNtCs20Ygd6RoaGo_10orion_core5flagsNtB2_9FlagsGame18cycle_pause_action
FNDA:1,_RNvMNtCs20Ygd6RoaGo_10orion_core5flagsNtB2_9FlagsGame19cycle_result_action
FNDA:8,_RNvMNtCs20Ygd6RoaGo_10orion_core5flagsNtB2_9FlagsGame19last_answer_correct
FNDA:1,_RNvMNtCs20Ygd6RoaGo_10orion_core5flagsNtB2_9FlagsGame20select_previous_mode
FNDA:10,_RNvMNtCs20Ygd6RoaGo_10orion_core5flagsNtB2_9FlagsGame21move_answer_selection
FNDA:8,_RNvMNtCs20Ygd6RoaGo_10orion_core5flagsNtB2_9FlagsGame22cycle_answer_selection
FNDA:36,_RNvMNtCs20Ygd6RoaGo_10orion_core5flagsNtB2_9FlagsGame22reset_question_history
FNDA:1,_RNvMNtCs20Ygd6RoaGo_10orion_core5flagsNtB2_9FlagsGame24cycle_choosing_action_up
FNDA:4,_RNvMNtCs20Ygd6RoaGo_10orion_core5flagsNtB2_9FlagsGame25select_next_result_action
FNDA:8,_RNvMNtCs20Ygd6RoaGo_10orion_core5flagsNtB2_9FlagsGame26cycle_choosing_action_down
FNDA:1,_RNvMNtCs20Ygd6RoaGo_10orion_core5flagsNtB2_9FlagsGame29select_previous_result_action
FNDA:41,_RNvMNtCs20Ygd6RoaGo_10orion_core5flagsNtB2_9FlagsGame3new
FNDA:2,_RNvMNtCs20Ygd6RoaGo_10orion_core5flagsNtB2_9FlagsGame5round
FNDA:7,_RNvMNtCs20Ygd6RoaGo_10orion_core5flagsNtB2_9FlagsGame5score
FNDA:76,_RNvMNtCs20Ygd6RoaGo_10orion_core5flagsNtB2_9FlagsGame5state
FNDA:5,_RNvNtCs20Ygd6RoaGo_10orion_core5flags15cycle_mode_from
FNDA:10,_RNvNtCs20Ygd6RoaGo_10orion_core5flags15flags_mode_name
FNDA:5,_RNvNtCs20Ygd6RoaGo_10orion_core5flags16flags_mode_index
FNDA:6,_RNvNtCs20Ygd6RoaGo_10orion_core5flags17flags_state_title
FNDA:5,_RNvNtCs20Ygd6RoaGo_10orion_core5flags21flags_mode_from_index
FNDA:6,_RNvNtCs20Ygd6RoaGo_10orion_core5flags24flags_result_action_name
FNDA:1,_RNvNtNtCs20Ygd6RoaGo_10orion_core5flags5testss_22cycle_answer_selection
FNDA:1,_RNvNtNtCs20Ygd6RoaGo_10orion_core5flags5testss_26cycle_pause_action_toggles
FNDA:1,_RNvNtNtCs20Ygd6RoaGo_10orion_core5flags5testss_26cycle_result_action_cycles
FNDA:1,_RNvNtNtCs20Ygd6RoaGo_10orion_core5flags5testss_26flags_mode_name_covers_all
FNDA:1,_RNvNtNtCs20Ygd6RoaGo_10orion_core5flags5testss_27enter_choosing_resets_state
FNDA:1,_RNvNtNtCs20Ygd6RoaGo_10orion_core5flags5testss_27select_result_action_cycles
FNDA:1,_RNvNtNtCs20Ygd6RoaGo_10orion_core5flags5testss_28flags_state_title_covers_all
FNDA:1,_RNvNtNtCs20Ygd6RoaGo_10orion_core5flags5testss_29select_previous_and_next_mode
FNDA:1,_RNvNtNtCs20Ygd6RoaGo_10orion_core5flags5testss_30move_answer_left_right_up_down
FNDA:1,_RNvNtNtCs20Ygd6RoaGo_10orion_core5flags5testss_31cycle_mode_cycles_through_modes
FNDA:1,_RNvNtNtCs20Ygd6RoaGo_10orion_core5flags5testss_33cycle_choosing_action_down_and_up
FNDA:1,_RNvNtNtCs20Ygd6RoaGo_10orion_core5flags5testss_34resume_from_pause_only_when_paused
FNDA:1,_RNvNtNtCs20Ygd6RoaGo_10orion_core5flags5testss_35answer_navigation_matches_tile_grid
FNDA:1,_RNvNtNtCs20Ygd6RoaGo_10orion_core5flags5testss_35cycle_mode_ignores_outside_choosing
FNDA:1,_RNvNtNtCs20Ygd6RoaGo_10orion_core5flags5testss_35flags_result_action_name_covers_all
FNDA:1,_RNvNtNtCs20Ygd6RoaGo_10orion_core5flags5testss_35quiz20_finishes_after_twenty_rounds
FNDA:1,_RNvNtNtCs20Ygd6RoaGo_10orion_core5flags5testss_37move_answer_ignores_when_not_question
FNDA:1,_RNvNtNtCs20Ygd6RoaGo_10orion_core5flags5testss_39confirm_answer_correct_increments_score
FNDA:1,_RNvNtNtCs20Ygd6RoaGo_10orion_core5flags5testss_39cycle_mode_returns_false_when_no_change
FNDA:1,_RNvNtNtCs20Ygd6RoaGo_10orion_core5flags5testss_40confirm_answer_ignores_when_not_question
FNDA:1,_RNvNtNtCs20Ygd6RoaGo_10orion_core5flags5testss_40select_result_action_ignores_wrong_state
FNDA:1,_RNvNtNtCs20Ygd6RoaGo_10orion_core5flags5testss_41finish_feedback_ignores_when_not_feedback
FNDA:1,_RNvNtNtCs20Ygd6RoaGo_10orion_core5flags5testss_42finish_feedback_quiz20_mid_round_continues
FNDA:1,_RNvNtNtCs20Ygd6RoaGo_10orion_core5flags5testss_43enter_paused_only_from_question_or_feedback
FNDA:1,_RNvNtNtCs20Ygd6RoaGo_10orion_core5flags5testss_46finish_feedback_practice_goes_to_next_question
FNDA:1,_RNvNtNtCs20Ygd6RoaGo_10orion_core5flags5testss_47death_match_wrong_answer_ends_and_persists_best
FNDA:1,_RNvNtNtCs20Ygd6RoaGo_10orion_core5flags5testss_49question_has_four_unique_answers_and_correct_once
FNDA:1,_RNvNtNtCs20Ygd6RoaGo_10orion_core5flags5testss_51cycle_choosing_action_ignores_outside_choosing_mode
FNDA:70,_RINvMNtCs20Ygd6RoaGo_10orion_core5flagsNtB3_9FlagsGame13next_questionNtNtB5_3rng11ScriptedRngEB5_
FNDA:7,_RINvMNtCs20Ygd6RoaGo_10orion_core5flagsNtB3_9FlagsGame14enter_choosingNtNtB5_5store20MemoryHighScoreStoreEB5_
FNDA:47,_RINvMNtCs20Ygd6RoaGo_10orion_core5flagsNtB3_9FlagsGame15finish_feedbackNtNtB5_5store20MemoryHighScoreStoreNtNtB5_3rng11ScriptedRngEB5_
FNDA:41,_RINvMNtCs20Ygd6RoaGo_10orion_core5flagsNtB3_9FlagsGame18refresh_best_scoreNtNtB5_5store20MemoryHighScoreStoreEB5_
FNDA:30,_RINvMNtCs20Ygd6RoaGo_10orion_core5flagsNtB3_9FlagsGame19start_selected_modeNtNtB5_5store20MemoryHighScoreStoreNtNtB5_3rng11ScriptedRngEB5_
FNDA:70,_RINvMNtCs20Ygd6RoaGo_10orion_core5flagsNtB3_9FlagsGame24select_next_correct_flagNtNtB5_3rng11ScriptedRngEB5_
FNF:72
FNH:72
DA:114,41
DA:115,41
DA:116,41
DA:117,41
DA:118,41
DA:119,41
DA:120,41
DA:121,41
DA:122,41
DA:123,41
DA:124,41
DA:125,41
DA:126,41
DA:127,41
DA:128,41
DA:129,41
DA:130,41
DA:131,41
DA:132,41
DA:133,41
DA:134,41
DA:135,41
DA:136,41
DA:138,7
DA:139,7
DA:140,7
DA:141,7
DA:142,7
DA:143,7
DA:144,7
DA:145,7
DA:146,7
DA:148,30
DA:149,30
DA:150,30
DA:151,30
DA:152,30
DA:153,30
DA:154,30
DA:155,30
DA:156,30
DA:158,7
DA:159,7
DA:160,2
DA:161,5
DA:162,5
DA:163,5
DA:164,0
DA:166,5
DA:167,5
DA:169,7
DA:171,1
DA:172,1
DA:173,1
DA:175,1
DA:176,1
DA:177,1
DA:179,10
DA:180,10
DA:181,1
DA:182,9
DA:183,9
DA:184,9
DA:186,1
DA:187,1
DA:188,1
DA:191,3
DA:192,2
DA:193,2
DA:196,2
DA:197,2
DA:198,2
DA:201,3
DA:202,2
DA:203,2
DA:206,9
DA:207,10
DA:209,8
DA:210,8
DA:211,1
DA:212,7
DA:213,7
DA:214,7
DA:215,7
DA:216,7
DA:217,7
DA:218,8
DA:220,51
DA:221,51
DA:222,1
DA:223,50
DA:224,50
DA:225,50
DA:226,32
DA:227,32
DA:228,50
DA:229,51
DA:231,47
DA:232,47
DA:233,1
DA:234,46
DA:235,46
DA:236,4
DA:237,4
DA:238,4
DA:239,4
DA:240,42
DA:241,42
DA:242,2
DA:243,2
DA:244,40
DA:245,40
DA:246,47
DA:248,4
DA:249,4
DA:250,1
DA:251,3
DA:252,3
DA:253,2
DA:254,1
DA:256,3
DA:257,4
DA:259,1
DA:260,1
DA:261,1
DA:263,1
DA:264,1
DA:265,0
DA:267,1
DA:269,1
DA:271,76
DA:272,76
DA:273,76
DA:275,6
DA:276,6
DA:277,6
DA:279,12
DA:280,12
DA:281,12
DA:283,8
DA:284,8
DA:285,8
DA:287,6
DA:288,6
DA:289,6
DA:291,15
DA:292,15
DA:293,15
DA:295,69
DA:296,69
DA:297,69
DA:299,12
DA:300,12
DA:301,12
DA:303,8
DA:304,8
DA:305,8
DA:307,1
DA:308,1
DA:309,1
DA:311,7
DA:312,7
DA:313,7
DA:315,2
DA:316,2
DA:317,2
DA:319,3
DA:320,3
DA:321,3
DA:323,4
DA:324,4
DA:325,4
DA:327,23
DA:328,23
DA:329,23
DA:331,8
DA:332,8
DA:333,1
DA:334,7
DA:335,6
DA:337,2
DA:340,2
DA:342,2
DA:343,1
DA:345,7
DA:346,5
DA:347,5
DA:348,7
DA:349,8
DA:351,1
DA:352,1
DA:353,0
DA:354,1
DA:355,1
DA:356,1
DA:358,0
DA:361,0
DA:364,0
DA:367,1
DA:368,0
DA:369,1
DA:370,1
DA:371,1
DA:373,3
DA:374,3
DA:375,2
DA:376,1
DA:378,3
DA:380,5
DA:381,5
DA:382,4
DA:383,4
DA:384,4
DA:385,5
DA:387,1
DA:388,1
DA:389,0
DA:390,1
DA:391,1
DA:393,13
DA:394,13
DA:395,13
DA:397,41
DA:398,41
DA:399,41
DA:401,36
DA:402,36
DA:403,36
DA:404,36
DA:406,70
DA:407,70
DA:408,70
DA:409,70
DA:410,70
DA:411,70
DA:412,280
DA:413,280
DA:414,70
DA:415,70
DA:417,251
DA:418,251
DA:419,221
DA:421,210
DA:422,210
DA:423,41
DA:427,70
DA:429,70
DA:430,70
DA:431,6
DA:432,64
DA:433,70
DA:434,70
DA:435,152
DA:436,152
DA:437,49
DA:438,103
DA:439,103
DA:440,70
DA:441,70
DA:442,33
DA:443,33
DA:445,70
DA:446,70
DA:447,70
DA:448,70
DA:451,10
DA:452,10
DA:453,5
DA:454,2
DA:455,3
DA:457,10
DA:459,6
DA:460,6
DA:461,2
DA:462,1
DA:463,1
DA:464,1
DA:465,1
DA:467,6
DA:469,6
DA:470,6
DA:471,3
DA:472,3
DA:474,6
DA:476,5
DA:477,5
DA:478,2
DA:479,2
DA:480,1
DA:482,5
DA:484,5
DA:485,5
DA:486,2
DA:487,2
DA:488,1
DA:489,0
DA:491,5
DA:493,5
DA:494,5
DA:495,5
DA:504,1
DA:505,1
DA:506,1
DA:507,1
DA:508,1
DA:510,1
DA:511,1
DA:512,1
DA:513,1
DA:514,1
DA:515,1
DA:516,1
DA:519,1
DA:520,1
DA:521,1
DA:522,1
DA:523,1
DA:525,1
DA:526,1
DA:527,1
DA:528,1
DA:529,1
DA:530,1
DA:531,1
DA:534,1
DA:535,1
DA:536,1
DA:537,1
DA:538,1
DA:539,1
DA:540,1
DA:541,1
DA:542,1
DA:544,1
DA:545,1
DA:546,1
DA:549,1
DA:550,1
DA:551,1
DA:552,1
DA:553,1
DA:554,1
DA:555,20
DA:556,20
DA:557,20
DA:558,20
DA:559,1
DA:560,1
DA:561,1
DA:564,1
DA:565,1
DA:566,1
DA:567,1
DA:568,1
DA:569,1
DA:570,1
DA:571,1
DA:572,1
DA:573,1
DA:576,1
DA:577,1
DA:578,1
DA:579,1
DA:582,1
DA:583,1
DA:584,1
DA:585,1
DA:586,1
DA:587,1
DA:588,1
DA:591,1
DA:592,1
DA:593,1
DA:594,1
DA:595,1
DA:596,1
DA:597,1
DA:600,1
DA:601,1
DA:602,1
DA:603,1
DA:604,1
DA:605,1
DA:607,1
DA:608,1
DA:609,1
DA:610,1
DA:612,1
DA:613,1
DA:614,1
DA:616,1
DA:617,1
DA:618,1
DA:619,1
DA:620,1
DA:623,1
DA:624,1
DA:625,1
DA:626,1
DA:629,1
DA:630,1
DA:631,1
DA:632,1
DA:633,1
DA:634,1
DA:635,1
DA:636,1
DA:637,1
DA:638,1
DA:639,1
DA:642,1
DA:643,1
DA:644,1
DA:645,1
DA:646,1
DA:647,1
DA:648,1
DA:649,1
DA:650,1
DA:651,1
DA:654,1
DA:655,1
DA:656,1
DA:657,1
DA:658,1
DA:661,1
DA:662,1
DA:663,1
DA:664,1
DA:665,1
DA:666,1
DA:667,1
DA:668,1
DA:669,1
DA:670,1
DA:671,1
DA:674,1
DA:675,1
DA:676,1
DA:677,1
DA:678,1
DA:679,1
DA:680,1
DA:681,1
DA:682,1
DA:683,1
DA:686,1
DA:687,1
DA:688,1
DA:689,1
DA:690,1
DA:691,1
DA:692,1
DA:695,1
DA:696,1
DA:697,1
DA:698,1
DA:699,1
DA:700,1
DA:701,1
DA:702,1
DA:703,1
DA:704,1
DA:705,1
DA:707,1
DA:708,1
DA:709,1
DA:712,1
DA:713,1
DA:714,1
DA:715,1
DA:716,1
DA:717,1
DA:718,1
DA:721,1
DA:722,1
DA:723,1
DA:724,1
DA:725,1
DA:726,1
DA:727,1
DA:728,1
DA:731,1
DA:732,1
DA:733,1
DA:734,1
DA:736,1
DA:737,1
DA:738,1
DA:739,1
DA:740,1
DA:741,1
DA:744,1
DA:745,1
DA:746,1
DA:747,1
DA:748,1
DA:751,1
DA:752,1
DA:753,1
DA:754,1
DA:755,1
DA:756,1
DA:757,1
DA:758,1
DA:759,1
DA:760,1
DA:761,1
DA:762,1
DA:763,1
DA:764,1
DA:765,1
DA:768,1
DA:769,1
DA:770,1
DA:771,1
DA:772,1
DA:773,1
DA:774,1
DA:775,1
DA:776,1
DA:777,1
DA:778,1
DA:779,1
DA:780,1
DA:783,1
DA:784,1
DA:785,1
DA:786,1
DA:787,1
DA:788,1
DA:789,1
DA:792,1
DA:793,1
DA:794,1
DA:795,1
DA:796,1
DA:799,1
DA:800,1
DA:801,1
DA:802,1
DA:805,1
DA:806,1
DA:807,1
DA:808,1
DA:809,1
DA:810,1
DA:811,1
DA:812,1
DA:815,1
DA:816,1
DA:817,1
DA:818,1
DA:819,1
DA:820,1
DA:821,1
DA:822,1
DA:823,1
DA:824,1
DA:825,1
BRF:0
BRH:0
LF:560
LH:551
end_of_record
SF:/Users/ivan/projects/github/esp/orion-rust/crates/orion-core/src/flags_application.rs
FN:87,_RINvMNtCs20Ygd6RoaGo_10orion_core17flags_applicationNtB3_16FlagsApplication17handle_mode_inputNtNtB5_5store20MemoryHighScoreStoreNtNtB5_3rng11ScriptedRngEB5_
FN:153,_RINvMNtCs20Ygd6RoaGo_10orion_core17flags_applicationNtB3_16FlagsApplication19handle_paused_inputNtNtB5_5store20MemoryHighScoreStoreNtNtB5_3rng11ScriptedRngEB5_
FN:187,_RINvMNtCs20Ygd6RoaGo_10orion_core17flags_applicationNtB3_16FlagsApplication19handle_result_inputNtNtB5_5store20MemoryHighScoreStoreNtNtB5_3rng11ScriptedRngEB5_
FN:121,_RINvMNtCs20Ygd6RoaGo_10orion_core17flags_applicationNtB3_16FlagsApplication21handle_question_inputNtNtB5_6render16RecordingDisplayEB5_
FN:33,_RINvMNtCs20Ygd6RoaGo_10orion_core17flags_applicationNtB3_16FlagsApplication5enterNtNtB5_5store20MemoryHighScoreStoreEB5_
FN:38,_RINvMNtCs20Ygd6RoaGo_10orion_core17flags_applicationNtB3_16FlagsApplication6updateNtNtB5_6render16RecordingDisplayNtNtB5_5store20MemoryHighScoreStoreNtNtB5_3rng11ScriptedRngEB5_
FN:220,_RNvMNtCs20Ygd6RoaGo_10orion_core17flags_applicationNtB2_16FlagsApplication21accept_menu_direction
FN:21,_RNvMNtCs20Ygd6RoaGo_10orion_core17flags_applicationNtB2_16FlagsApplication3new
FN:83,_RNvMNtCs20Ygd6RoaGo_10orion_core17flags_applicationNtB2_16FlagsApplication4game
FN:244,_RNvNtNtCs20Ygd6RoaGo_10orion_core17flags_application5testss_27switch_starts_selected_mode
FN:382,_RNvNtNtCs20Ygd6RoaGo_10orion_core17flags_application5testss_30pause_exit_returns_to_launcher
FN:314,_RNvNtNtCs20Ygd6RoaGo_10orion_core17flags_application5testss_33choosing_exit_returns_to_launcher
FN:343,_RNvNtNtCs20Ygd6RoaGo_10orion_core17flags_application5testss_39long_press_during_question_enters_pause
FN:270,_RNvNtNtCs20Ygd6RoaGo_10orion_core17flags_application5testss_58answer_confirm_renders_feedback_without_full_redraw_action
FN:79,_RINvMNtCs20Ygd6RoaGo_10orion_core17flags_applicationNtB3_16FlagsApplication11render_fullpEB5_
FN:29,_RNvMNtCs20Ygd6RoaGo_10orion_core17flags_applicationNtB2_16FlagsApplication5title
FN:230,_RNvXs_NtCs20Ygd6RoaGo_10orion_core17flags_applicationNtB4_16FlagsApplicationNtNtCs6sq8b9ugfBC_4core7default7Default7default
FNDA:5,_RINvMNtCs20Ygd6RoaGo_10orion_core17flags_applicationNtB3_16FlagsApplication17handle_mode_inputNtNtB5_5store20MemoryHighScoreStoreNtNtB5_3rng11ScriptedRngEB5_
FNDA:1,_RINvMNtCs20Ygd6RoaGo_10orion_core17flags_applicationNtB3_16FlagsApplication19handle_paused_inputNtNtB5_5store20MemoryHighScoreStoreNtNtB5_3rng11ScriptedRngEB5_
FNDA:0,_RINvMNtCs20Ygd6RoaGo_10orion_core17flags_applicationNtB3_16FlagsApplication19handle_result_inputNtNtB5_5store20MemoryHighScoreStoreNtNtB5_3rng11ScriptedRngEB5_
FNDA:2,_RINvMNtCs20Ygd6RoaGo_10orion_core17flags_applicationNtB3_16FlagsApplication21handle_question_inputNtNtB5_6render16RecordingDisplayEB5_
FNDA:5,_RINvMNtCs20Ygd6RoaGo_10orion_core17flags_applicationNtB3_16FlagsApplication5enterNtNtB5_5store20MemoryHighScoreStoreEB5_
FNDA:8,_RINvMNtCs20Ygd6RoaGo_10orion_core17flags_applicationNtB3_16FlagsApplication6updateNtNtB5_6render16RecordingDisplayNtNtB5_5store20MemoryHighScoreStoreNtNtB5_3rng11ScriptedRngEB5_
FNDA:0,_RNvMNtCs20Ygd6RoaGo_10orion_core17flags_applicationNtB2_16FlagsApplication21accept_menu_direction
FNDA:5,_RNvMNtCs20Ygd6RoaGo_10orion_core17flags_applicationNtB2_16FlagsApplication3new
FNDA:4,_RNvMNtCs20Ygd6RoaGo_10orion_core17flags_applicationNtB2_16FlagsApplication4game
FNDA:1,_RNvNtNtCs20Ygd6RoaGo_10orion_core17flags_application5testss_27switch_starts_selected_mode
FNDA:1,_RNvNtNtCs20Ygd6RoaGo_10orion_core17flags_application5testss_30pause_exit_returns_to_launcher
FNDA:1,_RNvNtNtCs20Ygd6RoaGo_10orion_core17flags_application5testss_33choosing_exit_returns_to_launcher
FNDA:1,_RNvNtNtCs20Ygd6RoaGo_10orion_core17flags_application5testss_39long_press_during_question_enters_pause
FNDA:1,_RNvNtNtCs20Ygd6RoaGo_10orion_core17flags_application5testss_58answer_confirm_renders_feedback_without_full_redraw_action
FNDA:0,_RINvMNtCs20Ygd6RoaGo_10orion_core17flags_applicationNtB3_16FlagsApplication11render_fullpEB5_
FNDA:0,_RNvMNtCs20Ygd6RoaGo_10orion_core17flags_applicationNtB2_16FlagsApplication5title
FNDA:0,_RNvXs_NtCs20Ygd6RoaGo_10orion_core17flags_applicationNtB4_16FlagsApplicationNtNtCs6sq8b9ugfBC_4core7default7Default7default
FNF:17
FNH:12
DA:21,5
DA:22,5
DA:23,5
DA:24,5
DA:25,5
DA:26,5
DA:27,5
DA:29,0
DA:30,0
DA:31,0
DA:33,5
DA:34,5
DA:35,5
DA:36,5
DA:38,8
DA:39,8
DA:40,8
DA:41,8
DA:42,8
DA:43,8
DA:44,8
DA:45,8
DA:46,8
DA:47,0
DA:49,0
DA:50,0
DA:51,8
DA:53,8
DA:54,8
DA:56,5
DA:59,2
DA:61,0
DA:63,1
DA:66,0
DA:70,8
DA:71,2
DA:72,6
DA:73,5
DA:75,1
DA:77,8
DA:79,0
DA:80,0
DA:81,0
DA:83,4
DA:84,4
DA:85,4
DA:87,5
DA:88,5
DA:89,5
DA:90,5
DA:91,5
DA:92,5
DA:93,5
DA:94,5
DA:95,5
DA:96,5
DA:97,0
DA:98,0
DA:100,0
DA:102,5
DA:103,5
DA:104,0
DA:105,0
DA:106,0
DA:107,0
DA:108,0
DA:109,5
DA:110,5
DA:111,5
DA:112,1
DA:113,1
DA:114,4
DA:115,4
DA:116,4
DA:117,0
DA:118,4
DA:119,5
DA:121,2
DA:122,2
DA:123,2
DA:124,2
DA:125,2
DA:126,2
DA:127,2
DA:128,1
DA:129,1
DA:130,1
DA:132,1
DA:133,1
DA:134,1
DA:136,0
DA:137,1
DA:138,1
DA:139,0
DA:140,0
DA:141,0
DA:142,1
DA:143,1
DA:144,1
DA:145,1
DA:146,1
DA:147,1
DA:148,0
DA:149,0
DA:150,1
DA:151,2
DA:153,1
DA:154,1
DA:155,1
DA:156,1
DA:157,1
DA:158,1
DA:159,1
DA:160,1
DA:161,1
DA:162,0
DA:163,0
DA:164,1
DA:165,1
DA:166,0
DA:167,0
DA:168,0
DA:172,0
DA:173,0
DA:174,1
DA:175,1
DA:176,1
DA:177,1
DA:178,1
DA:179,1
DA:180,0
DA:181,0
DA:182,0
DA:183,0
DA:184,0
DA:185,1
DA:187,0
DA:188,0
DA:189,0
DA:190,0
DA:191,0
DA:192,0
DA:193,0
DA:194,0
DA:195,0
DA:196,0
DA:197,0
DA:198,0
DA:199,0
DA:200,0
DA:201,0
DA:202,0
DA:206,0
DA:207,0
DA:208,0
DA:209,0
DA:210,0
DA:211,0
DA:212,0
DA:213,0
DA:214,0
DA:215,0
DA:216,0
DA:217,0
DA:218,0
DA:220,0
DA:221,0
DA:222,0
DA:223,0
DA:224,0
DA:225,0
DA:226,0
DA:230,0
DA:231,0
DA:232,0
DA:244,1
DA:245,1
DA:246,1
DA:247,1
DA:248,1
DA:249,1
DA:251,1
DA:252,1
DA:253,1
DA:254,1
DA:255,1
DA:256,1
DA:257,1
DA:258,1
DA:259,1
DA:260,1
DA:261,1
DA:265,1
DA:266,1
DA:267,1
DA:270,1
DA:271,1
DA:272,1
DA:273,1
DA:274,1
DA:275,1
DA:276,1
DA:277,1
DA:278,1
DA:279,1
DA:280,1
DA:281,1
DA:282,1
DA:283,1
DA:284,1
DA:285,1
DA:286,1
DA:287,1
DA:288,1
DA:289,1
DA:291,1
DA:292,1
DA:293,1
DA:294,1
DA:295,1
DA:296,1
DA:297,1
DA:298,1
DA:299,1
DA:300,1
DA:301,1
DA:305,1
DA:306,1
DA:307,1
DA:308,1
DA:311,1
DA:314,1
DA:315,1
DA:316,1
DA:317,1
DA:318,1
DA:319,1
DA:321,1
DA:322,1
DA:323,1
DA:325,1
DA:326,1
DA:327,1
DA:328,1
DA:329,1
DA:330,1
DA:331,1
DA:332,1
DA:333,1
DA:334,1
DA:335,1
DA:339,1
DA:340,1
DA:343,1
DA:344,1
DA:345,1
DA:346,1
DA:347,1
DA:348,1
DA:349,1
DA:350,1
DA:351,1
DA:352,1
DA:353,1
DA:354,1
DA:355,1
DA:356,1
DA:357,1
DA:358,1
DA:359,1
DA:360,1
DA:361,1
DA:362,1
DA:364,1
DA:365,1
DA:366,1
DA:367,1
DA:368,1
DA:369,1
DA:370,1
DA:371,1
DA:372,1
DA:373,1
DA:374,1
DA:377,1
DA:378,1
DA:379,1
DA:382,1
DA:383,1
DA:384,1
DA:385,1
DA:386,1
DA:387,1
DA:388,1
DA:389,1
DA:390,1
DA:391,1
DA:392,1
DA:393,1
DA:394,1
DA:395,1
DA:396,1
DA:397,1
DA:398,1
DA:399,1
DA:400,1
DA:402,1
DA:403,1
DA:405,1
DA:406,1
DA:407,1
DA:408,1
DA:409,1
DA:410,1
DA:411,1
DA:412,1
DA:413,1
DA:414,1
DA:415,1
DA:418,1
DA:419,1
BRF:0
BRH:0
LF:321
LH:244
end_of_record
SF:/Users/ivan/projects/github/esp/orion-rust/crates/orion-core/src/flags_renderer.rs
FN:409,_RNCNvNtNtCs20Ygd6RoaGo_10orion_core14flags_renderer5testss_41question_screen_draws_flag_bitmap_command0B7_
FN:63,_RINvNtCs20Ygd6RoaGo_10orion_core14flags_renderer15render_feedbackNtNtB4_6render16RecordingDisplayEB4_
FN:314,_RINvNtCs20Ygd6RoaGo_10orion_core14flags_renderer16draw_answer_tileNtNtB4_6render16RecordingDisplayEB4_
FN:296,_RINvNtCs20Ygd6RoaGo_10orion_core14flags_renderer16draw_flag_bitmapNtNtB4_6render16RecordingDisplayEB4_
FN:84,_RINvNtCs20Ygd6RoaGo_10orion_core14flags_renderer16draw_mode_screenNtNtB4_6render16RecordingDisplayEB4_
FN:300,_RINvNtCs20Ygd6RoaGo_10orion_core14flags_renderer17draw_answer_tilesNtNtB4_6render16RecordingDisplayEB4_
FN:268,_RINvNtCs20Ygd6RoaGo_10orion_core14flags_renderer17draw_pause_screenNtNtB4_6render16RecordingDisplayEB4_
FN:224,_RINvNtCs20Ygd6RoaGo_10orion_core14flags_renderer18draw_result_screenNtNtB4_6render16RecordingDisplayEB4_
FN:169,_RINvNtCs20Ygd6RoaGo_10orion_core14flags_renderer20draw_feedback_screenNtNtB4_6render16RecordingDisplayEB4_
FN:130,_RINvNtCs20Ygd6RoaGo_10orion_core14flags_renderer20draw_question_screenNtNtB4_6render16RecordingDisplayEB4_
FN:174,_RINvNtCs20Ygd6RoaGo_10orion_core14flags_renderer21draw_feedback_overlayNtNtB4_6render16RecordingDisplayEB4_
FN:34,_RINvNtCs20Ygd6RoaGo_10orion_core14flags_renderer23render_answer_selectionNtNtB4_6render16RecordingDisplayEB4_
FN:22,_RINvNtCs20Ygd6RoaGo_10orion_core14flags_renderer6renderNtNtB4_6render16RecordingDisplayEB4_
FN:357,_RNvNtNtCs20Ygd6RoaGo_10orion_core14flags_renderer5tests18make_game_in_state
FN:425,_RNvNtNtCs20Ygd6RoaGo_10orion_core14flags_renderer5testss_20render_paused_screen
FN:552,_RNvNtNtCs20Ygd6RoaGo_10orion_core14flags_renderer5testss_21answer_tile_positions
FN:453,_RNvNtNtCs20Ygd6RoaGo_10orion_core14flags_renderer5testss_21render_results_screen
FN:464,_RNvNtNtCs20Ygd6RoaGo_10orion_core14flags_renderer5testss_23render_game_over_screen
FN:413,_RNvNtNtCs20Ygd6RoaGo_10orion_core14flags_renderer5testss_27render_choosing_mode_screen
FN:522,_RNvNtNtCs20Ygd6RoaGo_10orion_core14flags_renderer5testss_34render_question_with_practice_mode
FN:537,_RNvNtNtCs20Ygd6RoaGo_10orion_core14flags_renderer5testss_37render_question_with_death_match_mode
FN:491,_RNvNtNtCs20Ygd6RoaGo_10orion_core14flags_renderer5testss_39render_answer_selection_skips_when_same
FN:399,_RNvNtNtCs20Ygd6RoaGo_10orion_core14flags_renderer5testss_41question_screen_draws_flag_bitmap_command
FN:475,_RNvNtNtCs20Ygd6RoaGo_10orion_core14flags_renderer5testss_44render_answer_selection_redraws_changed_tile
FN:436,_RNvNtNtCs20Ygd6RoaGo_10orion_core14flags_renderer5testss_46render_feedback_screen_shows_correct_and_wrong
FN:506,_RNvNtNtCs20Ygd6RoaGo_10orion_core14flags_renderer5testss_50render_feedback_overlay_draws_correct_wrong_banner
FN:68,_RNvNtCs20Ygd6RoaGo_10orion_core14flags_renderer13answer_tile_x
FN:76,_RNvNtCs20Ygd6RoaGo_10orion_core14flags_renderer13answer_tile_y
FNDA:162,_RNCNvNtNtCs20Ygd6RoaGo_10orion_core14flags_renderer5testss_41question_screen_draws_flag_bitmap_command0B7_
FNDA:2,_RINvNtCs20Ygd6RoaGo_10orion_core14flags_renderer15render_feedbackNtNtB4_6render16RecordingDisplayEB4_
FNDA:23,_RINvNtCs20Ygd6RoaGo_10orion_core14flags_renderer16draw_answer_tileNtNtB4_6render16RecordingDisplayEB4_
FNDA:4,_RINvNtCs20Ygd6RoaGo_10orion_core14flags_renderer16draw_flag_bitmapNtNtB4_6render16RecordingDisplayEB4_
FNDA:1,_RINvNtCs20Ygd6RoaGo_10orion_core14flags_renderer16draw_mode_screenNtNtB4_6render16RecordingDisplayEB4_
FNDA:4,_RINvNtCs20Ygd6RoaGo_10orion_core14flags_renderer17draw_answer_tilesNtNtB4_6render16RecordingDisplayEB4_
FNDA:1,_RINvNtCs20Ygd6RoaGo_10orion_core14flags_renderer17draw_pause_screenNtNtB4_6render16RecordingDisplayEB4_
FNDA:2,_RINvNtCs20Ygd6RoaGo_10orion_core14flags_renderer18draw_result_screenNtNtB4_6render16RecordingDisplayEB4_
FNDA:1,_RINvNtCs20Ygd6RoaGo_10orion_core14flags_renderer20draw_feedback_screenNtNtB4_6render16RecordingDisplayEB4_
FNDA:4,_RINvNtCs20Ygd6RoaGo_10orion_core14flags_renderer20draw_question_screenNtNtB4_6render16RecordingDisplayEB4_
FNDA:3,_RINvNtCs20Ygd6RoaGo_10orion_core14flags_renderer21draw_feedback_overlayNtNtB4_6render16RecordingDisplayEB4_
FNDA:2,_RINvNtCs20Ygd6RoaGo_10orion_core14flags_renderer23render_answer_selectionNtNtB4_6render16RecordingDisplayEB4_
FNDA:8,_RINvNtCs20Ygd6RoaGo_10orion_core14flags_renderer6renderNtNtB4_6render16RecordingDisplayEB4_
FNDA:3,_RNvNtNtCs20Ygd6RoaGo_10orion_core14flags_renderer5tests18make_game_in_state
FNDA:1,_RNvNtNtCs20Ygd6RoaGo_10orion_core14flags_renderer5testss_20render_paused_screen
FNDA:1,_RNvNtNtCs20Ygd6RoaGo_10orion_core14flags_renderer5testss_21answer_tile_positions
FNDA:1,_RNvNtNtCs20Ygd6RoaGo_10orion_core14flags_renderer5testss_21render_results_screen
FNDA:1,_RNvNtNtCs20Ygd6RoaGo_10orion_core14flags_renderer5testss_23render_game_over_screen
FNDA:1,_RNvNtNtCs20Ygd6RoaGo_10orion_core14flags_renderer5testss_27render_choosing_mode_screen
FNDA:1,_RNvNtNtCs20Ygd6RoaGo_10orion_core14flags_renderer5testss_34render_question_with_practice_mode
FNDA:1,_RNvNtNtCs20Ygd6RoaGo_10orion_core14flags_renderer5testss_37render_question_with_death_match_mode
FNDA:1,_RNvNtNtCs20Ygd6RoaGo_10orion_core14flags_renderer5testss_39render_answer_selection_skips_when_same
FNDA:1,_RNvNtNtCs20Ygd6RoaGo_10orion_core14flags_renderer5testss_41question_screen_draws_flag_bitmap_command
FNDA:1,_RNvNtNtCs20Ygd6RoaGo_10orion_core14flags_renderer5testss_44render_answer_selection_redraws_changed_tile
FNDA:1,_RNvNtNtCs20Ygd6RoaGo_10orion_core14flags_renderer5testss_46render_feedback_screen_shows_correct_and_wrong
FNDA:1,_RNvNtNtCs20Ygd6RoaGo_10orion_core14flags_renderer5testss_50render_feedback_overlay_draws_correct_wrong_banner
FNDA:27,_RNvNtCs20Ygd6RoaGo_10orion_core14flags_renderer13answer_tile_x
FNDA:27,_RNvNtCs20Ygd6RoaGo_10orion_core14flags_renderer13answer_tile_y
FNF:28
FNH:28
DA:22,8
DA:23,8
DA:24,1
DA:25,3
DA:26,1
DA:27,1
DA:28,1
DA:29,1
DA:31,8
DA:32,8
DA:34,2
DA:35,2
DA:36,2
DA:37,2
DA:38,2
DA:39,2
DA:40,2
DA:41,1
DA:42,1
DA:43,1
DA:44,1
DA:45,1
DA:46,1
DA:47,1
DA:48,1
DA:49,1
DA:50,1
DA:51,2
DA:52,2
DA:53,2
DA:54,2
DA:55,2
DA:56,2
DA:60,2
DA:61,2
DA:63,2
DA:64,2
DA:65,2
DA:66,2
DA:68,27
DA:69,27
DA:70,16
DA:72,11
DA:74,27
DA:76,27
DA:77,27
DA:78,16
DA:80,11
DA:82,27
DA:84,1
DA:85,1
DA:86,1
DA:87,1
DA:88,1
DA:89,1
DA:93,1
DA:94,1
DA:95,1
DA:97,1
DA:98,1
DA:102,1
DA:103,1
DA:104,1
DA:106,1
DA:107,1
DA:111,1
DA:112,1
DA:113,1
DA:115,1
DA:116,1
DA:120,1
DA:121,1
DA:122,1
DA:124,1
DA:125,1
DA:126,1
DA:127,1
DA:128,1
DA:130,4
DA:131,4
DA:132,4
DA:133,4
DA:134,0
DA:135,0
DA:136,0
DA:137,0
DA:138,0
DA:139,0
DA:140,0
DA:141,0
DA:142,0
DA:143,1
DA:144,1
DA:145,1
DA:146,3
DA:147,3
DA:148,3
DA:150,4
DA:151,4
DA:152,4
DA:155,4
DA:159,4
DA:161,4
DA:162,4
DA:163,4
DA:164,4
DA:165,4
DA:166,4
DA:167,4
DA:169,1
DA:170,1
DA:171,1
DA:172,1
DA:174,3
DA:175,3
DA:176,3
DA:177,3
DA:178,3
DA:179,3
DA:180,3
DA:181,3
DA:182,3
DA:186,3
DA:187,1
DA:188,1
DA:189,1
DA:190,1
DA:191,1
DA:192,1
DA:193,1
DA:194,1
DA:195,1
DA:196,2
DA:197,3
DA:198,3
DA:203,3
DA:204,2
DA:206,1
DA:209,3
DA:210,3
DA:214,3
DA:215,2
DA:217,1
DA:222,3
DA:224,2
DA:225,2
DA:226,2
DA:227,2
DA:231,2
DA:235,2
DA:236,2
DA:237,1
DA:238,1
DA:239,1
DA:240,1
DA:241,2
DA:242,2
DA:243,1
DA:244,1
DA:245,1
DA:246,1
DA:247,2
DA:248,2
DA:252,2
DA:253,2
DA:254,2
DA:256,2
DA:257,2
DA:261,2
DA:262,2
DA:263,2
DA:265,2
DA:266,2
DA:268,1
DA:269,1
DA:270,1
DA:271,1
DA:272,1
DA:273,1
DA:274,1
DA:275,1
DA:277,1
DA:279,1
DA:280,1
DA:281,1
DA:283,1
DA:284,1
DA:286,1
DA:288,1
DA:289,1
DA:290,1
DA:292,1
DA:293,1
DA:294,1
DA:296,4
DA:297,4
DA:298,4
DA:300,4
DA:301,16
DA:302,16
DA:303,16
DA:304,16
DA:305,16
DA:306,16
DA:307,16
DA:308,16
DA:309,16
DA:310,16
DA:311,16
DA:312,4
DA:314,23
DA:315,23
DA:316,23
DA:317,23
DA:318,23
DA:319,23
DA:320,23
DA:321,23
DA:322,23
DA:323,23
DA:324,9
DA:326,14
DA:328,23
DA:329,8
DA:330,4
DA:331,4
DA:332,1
DA:333,3
DA:334,15
DA:335,23
DA:336,23
DA:337,5
DA:338,18
DA:339,23
DA:340,23
DA:341,23
DA:342,23
DA:343,23
DA:349,23
DA:357,3
DA:358,3
DA:359,3
DA:360,3
DA:361,3
DA:362,0
DA:363,0
DA:364,0
DA:365,0
DA:366,0
DA:367,0
DA:368,1
DA:369,1
DA:370,1
DA:371,1
DA:372,0
DA:373,0
DA:374,0
DA:375,0
DA:376,0
DA:377,1
DA:378,1
DA:379,1
DA:380,1
DA:381,1
DA:382,1
DA:383,1
DA:384,1
DA:386,1
DA:387,1
DA:388,1
DA:389,20
DA:390,20
DA:391,20
DA:392,20
DA:395,3
DA:396,3
DA:399,1
DA:400,1
DA:401,1
DA:402,1
DA:403,1
DA:404,1
DA:405,1
DA:406,1
DA:407,1
DA:408,1
DA:409,162
DA:410,1
DA:413,1
DA:414,1
DA:415,1
DA:416,1
DA:417,1
DA:418,1
DA:421,1
DA:422,1
DA:425,1
DA:426,1
DA:427,1
DA:428,1
DA:429,1
DA:430,1
DA:433,1
DA:436,1
DA:437,1
DA:438,1
DA:439,1
DA:440,1
DA:441,1
DA:442,1
DA:443,1
DA:444,1
DA:445,1
DA:446,1
DA:447,1
DA:450,1
DA:453,1
DA:454,1
DA:455,1
DA:456,1
DA:457,1
DA:458,1
DA:461,1
DA:464,1
DA:465,1
DA:466,1
DA:467,1
DA:468,1
DA:469,1
DA:472,1
DA:475,1
DA:476,1
DA:477,1
DA:478,1
DA:479,1
DA:480,1
DA:481,1
DA:482,1
DA:483,1
DA:484,1
DA:485,1
DA:488,1
DA:491,1
DA:492,1
DA:493,1
DA:494,1
DA:495,1
DA:496,1
DA:497,1
DA:498,1
DA:499,1
DA:500,1
DA:503,1
DA:506,1
DA:507,1
DA:508,1
DA:509,1
DA:510,1
DA:511,1
DA:512,1
DA:513,1
DA:514,1
DA:515,1
DA:516,1
DA:519,1
DA:522,1
DA:523,1
DA:524,1
DA:525,1
DA:526,1
DA:527,1
DA:528,1
DA:529,1
DA:530,1
DA:531,1
DA:534,1
DA:537,1
DA:538,1
DA:539,1
DA:540,1
DA:541,1
DA:542,1
DA:543,1
DA:544,1
DA:545,1
DA:546,1
DA:549,1
DA:552,1
DA:553,1
DA:554,1
DA:555,1
DA:556,1
DA:557,1
DA:558,1
DA:559,1
DA:560,1
DA:561,1
BRF:0
BRH:0
LF:398
LH:378
end_of_record
SF:/Users/ivan/projects/github/esp/orion-rust/crates/orion-core/src/font.rs
FN:326,_RNCNvNtNtCs20Ygd6RoaGo_10orion_core4font5testss_25draws_scaled_glyph_pixels0B7_
FN:234,_RINvNtCs20Ygd6RoaGo_10orion_core4font12draw_char_aaNtNtB4_6render16RecordingDisplayEB4_
FN:88,_RINvNtCs20Ygd6RoaGo_10orion_core4font12draw_text_aaNtNtB4_6render16RecordingDisplayEB4_
FN:72,_RINvNtCs20Ygd6RoaGo_10orion_core4font17draw_text_limitedNtNtB4_6render16RecordingDisplayEB4_
FN:126,_RINvNtCs20Ygd6RoaGo_10orion_core4font17draw_wrapped_textNtNtB4_6render16RecordingDisplayEB4_
FN:176,_RINvNtCs20Ygd6RoaGo_10orion_core4font18draw_centered_textINtNtB4_15tetris_renderer16RotatedClockwiseNtNtB4_6render16RecordingDisplayEEB4_
FN:176,_RINvNtCs20Ygd6RoaGo_10orion_core4font18draw_centered_textNtNtB4_6render16RecordingDisplayEB4_
FN:105,_RINvNtCs20Ygd6RoaGo_10orion_core4font21draw_centered_text_aaNtNtB4_6render16RecordingDisplayEB4_
FN:38,_RINvNtCs20Ygd6RoaGo_10orion_core4font9draw_charINtNtB4_15tetris_renderer16RotatedClockwiseNtNtB4_6render16RecordingDisplayEEB4_
FN:38,_RINvNtCs20Ygd6RoaGo_10orion_core4font9draw_charNtNtB4_6render16RecordingDisplayEB4_
FN:57,_RINvNtCs20Ygd6RoaGo_10orion_core4font9draw_textINtNtB4_15tetris_renderer16RotatedClockwiseNtNtB4_6render16RecordingDisplayEEB4_
FN:57,_RINvNtCs20Ygd6RoaGo_10orion_core4font9draw_textNtNtB4_6render16RecordingDisplayEB4_
FN:11,_RNvMNtCs20Ygd6RoaGo_10orion_core4fontINtB2_10TextBufferKj10_E3newB4_
FN:18,_RNvMNtCs20Ygd6RoaGo_10orion_core4fontINtB2_10TextBufferKj10_E6as_strB4_
FN:11,_RNvMNtCs20Ygd6RoaGo_10orion_core4fontINtB2_10TextBufferKj14_E3newB4_
FN:18,_RNvMNtCs20Ygd6RoaGo_10orion_core4fontINtB2_10TextBufferKj14_E6as_strB4_
FN:11,_RNvMNtCs20Ygd6RoaGo_10orion_core4fontINtB2_10TextBufferKj18_E3newB4_
FN:18,_RNvMNtCs20Ygd6RoaGo_10orion_core4fontINtB2_10TextBufferKj18_E6as_strB4_
FN:11,_RNvMNtCs20Ygd6RoaGo_10orion_core4fontINtB2_10TextBufferKj28_E3newB4_
FN:18,_RNvMNtCs20Ygd6RoaGo_10orion_core4fontINtB2_10TextBufferKj28_E6as_strB4_
FN:11,_RNvMNtCs20Ygd6RoaGo_10orion_core4fontINtB2_10TextBufferKj30_E3newB4_
FN:18,_RNvMNtCs20Ygd6RoaGo_10orion_core4fontINtB2_10TextBufferKj30_E6as_strB4_
FN:11,_RNvMNtCs20Ygd6RoaGo_10orion_core4fontINtB2_10TextBufferKj8_E3newB4_
FN:18,_RNvMNtCs20Ygd6RoaGo_10orion_core4fontINtB2_10TextBufferKj8_E6as_strB4_
FN:11,_RNvMNtCs20Ygd6RoaGo_10orion_core4fontINtB2_10TextBufferKjc_E3newB4_
FN:18,_RNvMNtCs20Ygd6RoaGo_10orion_core4fontINtB2_10TextBufferKjc_E6as_strB4_
FN:24,_RNvXs_NtCs20Ygd6RoaGo_10orion_core4fontINtB4_10TextBufferKj10_ENtNtCs6sq8b9ugfBC_4core3fmt5Write9write_strB6_
FN:24,_RNvXs_NtCs20Ygd6RoaGo_10orion_core4fontINtB4_10TextBufferKj14_ENtNtCs6sq8b9ugfBC_4core3fmt5Write9write_strB6_
FN:24,_RNvXs_NtCs20Ygd6RoaGo_10orion_core4fontINtB4_10TextBufferKj18_ENtNtCs6sq8b9ugfBC_4core3fmt5Write9write_strB6_
FN:24,_RNvXs_NtCs20Ygd6RoaGo_10orion_core4fontINtB4_10TextBufferKj28_ENtNtCs6sq8b9ugfBC_4core3fmt5Write9write_strB6_
FN:24,_RNvXs_NtCs20Ygd6RoaGo_10orion_core4fontINtB4_10TextBufferKj30_ENtNtCs6sq8b9ugfBC_4core3fmt5Write9write_strB6_
FN:24,_RNvXs_NtCs20Ygd6RoaGo_10orion_core4fontINtB4_10TextBufferKj8_ENtNtCs6sq8b9ugfBC_4core3fmt5Write9write_strB6_
FN:24,_RNvXs_NtCs20Ygd6RoaGo_10orion_core4fontINtB4_10TextBufferKjc_ENtNtCs6sq8b9ugfBC_4core3fmt5Write9write_strB6_
FN:198,_RNvNtCs20Ygd6RoaGo_10orion_core4font12font_bit_val
FN:271,_RNvNtCs20Ygd6RoaGo_10orion_core4font12font_columns
FN:209,_RNvNtCs20Ygd6RoaGo_10orion_core4font19compute_aa_coverage
FN:322,_RNvNtNtCs20Ygd6RoaGo_10orion_core4font5testss_25draws_scaled_glyph_pixels
FNDA:1,_RNCNvNtNtCs20Ygd6RoaGo_10orion_core4font5testss_25draws_scaled_glyph_pixels0B7_
FNDA:23,_RINvNtCs20Ygd6RoaGo_10orion_core4font12draw_char_aaNtNtB4_6render16RecordingDisplayEB4_
FNDA:23,_RINvNtCs20Ygd6RoaGo_10orion_core4font12draw_text_aaNtNtB4_6render16RecordingDisplayEB4_
FNDA:30,_RINvNtCs20Ygd6RoaGo_10orion_core4font17draw_text_limitedNtNtB4_6render16RecordingDisplayEB4_
FNDA:23,_RINvNtCs20Ygd6RoaGo_10orion_core4font17draw_wrapped_textNtNtB4_6render16RecordingDisplayEB4_
FNDA:5,_RINvNtCs20Ygd6RoaGo_10orion_core4font18draw_centered_textINtNtB4_15tetris_renderer16RotatedClockwiseNtNtB4_6render16RecordingDisplayEEB4_
FNDA:45,_RINvNtCs20Ygd6RoaGo_10orion_core4font18draw_centered_textNtNtB4_6render16RecordingDisplayEB4_
FNDA:23,_RINvNtCs20Ygd6RoaGo_10orion_core4font21draw_centered_text_aaNtNtB4_6render16RecordingDisplayEB4_
FNDA:120,_RINvNtCs20Ygd6RoaGo_10orion_core4font9draw_charINtNtB4_15tetris_renderer16RotatedClockwiseNtNtB4_6render16RecordingDisplayEEB4_
FNDA:1616,_RINvNtCs20Ygd6RoaGo_10orion_core4font9draw_charNtNtB4_6render16RecordingDisplayEB4_
FNDA:20,_RINvNtCs20Ygd6RoaGo_10orion_core4font9draw_textINtNtB4_15tetris_renderer16RotatedClockwiseNtNtB4_6render16RecordingDisplayEEB4_
FNDA:183,_RINvNtCs20Ygd6RoaGo_10orion_core4font9draw_textNtNtB4_6render16RecordingDisplayEB4_
FNDA:7,_RNvMNtCs20Ygd6RoaGo_10orion_core4fontINtB2_10TextBufferKj10_E3newB4_
FNDA:7,_RNvMNtCs20Ygd6RoaGo_10orion_core4fontINtB2_10TextBufferKj10_E6as_strB4_
FNDA:13,_RNvMNtCs20Ygd6RoaGo_10orion_core4fontINtB2_10TextBufferKj14_E3newB4_
FNDA:13,_RNvMNtCs20Ygd6RoaGo_10orion_core4fontINtB2_10TextBufferKj14_E6as_strB4_
FNDA:25,_RNvMNtCs20Ygd6RoaGo_10orion_core4fontINtB2_10TextBufferKj18_E3newB4_
FNDA:25,_RNvMNtCs20Ygd6RoaGo_10orion_core4fontINtB2_10TextBufferKj18_E6as_strB4_
FNDA:3,_RNvMNtCs20Ygd6RoaGo_10orion_core4fontINtB2_10TextBufferKj28_E3newB4_
FNDA:3,_RNvMNtCs20Ygd6RoaGo_10orion_core4fontINtB2_10TextBufferKj28_E6as_strB4_
FNDA:6,_RNvMNtCs20Ygd6RoaGo_10orion_core4fontINtB2_10TextBufferKj30_E3newB4_
FNDA:6,_RNvMNtCs20Ygd6RoaGo_10orion_core4fontINtB2_10TextBufferKj30_E6as_strB4_
FNDA:28,_RNvMNtCs20Ygd6RoaGo_10orion_core4fontINtB2_10TextBufferKj8_E3newB4_
FNDA:51,_RNvMNtCs20Ygd6RoaGo_10orion_core4fontINtB2_10TextBufferKj8_E6as_strB4_
FNDA:5,_RNvMNtCs20Ygd6RoaGo_10orion_core4fontINtB2_10TextBufferKjc_E3newB4_
FNDA:5,_RNvMNtCs20Ygd6RoaGo_10orion_core4fontINtB2_10TextBufferKjc_E6as_strB4_
FNDA:20,_RNvXs_NtCs20Ygd6RoaGo_10orion_core4fontINtB4_10TextBufferKj10_ENtNtCs6sq8b9ugfBC_4core3fmt5Write9write_strB6_
FNDA:26,_RNvXs_NtCs20Ygd6RoaGo_10orion_core4fontINtB4_10TextBufferKj14_ENtNtCs6sq8b9ugfBC_4core3fmt5Write9write_strB6_
FNDA:50,_RNvXs_NtCs20Ygd6RoaGo_10orion_core4fontINtB4_10TextBufferKj18_ENtNtCs6sq8b9ugfBC_4core3fmt5Write9write_strB6_
FNDA:6,_RNvXs_NtCs20Ygd6RoaGo_10orion_core4fontINtB4_10TextBufferKj28_ENtNtCs6sq8b9ugfBC_4core3fmt5Write9write_strB6_
FNDA:16,_RNvXs_NtCs20Ygd6RoaGo_10orion_core4fontINtB4_10TextBufferKj30_ENtNtCs6sq8b9ugfBC_4core3fmt5Write9write_strB6_
FNDA:34,_RNvXs_NtCs20Ygd6RoaGo_10orion_core4fontINtB4_10TextBufferKj8_ENtNtCs6sq8b9ugfBC_4core3fmt5Write9write_strB6_
FNDA:13,_RNvXs_NtCs20Ygd6RoaGo_10orion_core4fontINtB4_10TextBufferKjc_ENtNtCs6sq8b9ugfBC_4core3fmt5Write9write_strB6_
FNDA:51520,_RNvNtCs20Ygd6RoaGo_10orion_core4font12font_bit_val
FNDA:1759,_RNvNtCs20Ygd6RoaGo_10orion_core4font12font_columns
FNDA:12880,_RNvNtCs20Ygd6RoaGo_10orion_core4font19compute_aa_coverage
FNDA:1,_RNvNtNtCs20Ygd6RoaGo_10orion_core4font5testss_25draws_scaled_glyph_pixels
FNF:16
FNH:16
DA:11,87
DA:12,87
DA:13,87
DA:14,87
DA:15,87
DA:16,87
DA:18,110
DA:19,110
DA:20,110
DA:24,165
DA:25,165
DA:26,165
DA:27,165
DA:28,165
DA:29,165
DA:30,165
DA:31,165
DA:33,0
DA:35,165
DA:38,1736
DA:39,1736
DA:40,1736
DA:41,8680
DA:42,60760
DA:43,60760
DA:44,24963
DA:45,24963
DA:46,24963
DA:47,24963
DA:48,24963
DA:49,24963
DA:50,24963
DA:51,24963
DA:52,35797
DA:55,1736
DA:57,203
DA:58,203
DA:59,203
DA:60,203
DA:61,203
DA:62,203
DA:63,203
DA:64,203
DA:65,203
DA:66,1422
DA:67,1422
DA:68,1422
DA:69,1422
DA:70,203
DA:72,30
DA:73,30
DA:74,30
DA:75,30
DA:76,30
DA:77,30
DA:78,30
DA:79,30
DA:80,30
DA:81,30
DA:82,313
DA:83,313
DA:84,313
DA:85,313
DA:86,30
DA:88,23
DA:89,23
DA:90,23
DA:91,23
DA:92,23
DA:93,23
DA:94,23
DA:95,23
DA:96,23
DA:97,23
DA:98,23
DA:99,23
DA:100,23
DA:101,23
DA:102,23
DA:103,23
DA:105,23
DA:106,23
DA:107,23
DA:108,23
DA:109,23
DA:110,23
DA:111,23
DA:112,23
DA:113,23
DA:114,23
DA:115,23
DA:116,23
DA:117,23
DA:118,23
DA:119,23
DA:120,23
DA:121,23
DA:122,23
DA:123,23
DA:124,23
DA:126,23
DA:127,23
DA:128,23
DA:129,23
DA:130,23
DA:131,23
DA:132,23
DA:133,23
DA:134,23
DA:135,23
DA:136,23
DA:137,23
DA:138,46
DA:139,46
DA:140,16
DA:141,30
DA:143,30
DA:144,30
DA:145,376
DA:146,376
DA:147,0
DA:148,376
DA:149,376
DA:150,22
DA:151,354
DA:152,376
DA:155,30
DA:156,30
DA:157,376
DA:158,376
DA:159,376
DA:160,376
DA:161,30
DA:162,23
DA:163,23
DA:164,7
DA:165,7
DA:166,7
DA:167,0
DA:169,30
DA:170,30
DA:171,30
DA:172,30
DA:174,23
DA:176,50
DA:177,50
DA:178,50
DA:179,50
DA:180,50
DA:181,50
DA:182,50
DA:183,50
DA:184,50
DA:185,50
DA:186,50
DA:187,50
DA:188,50
DA:189,50
DA:190,50
DA:191,50
DA:192,50
DA:193,50
DA:194,50
DA:196,50
DA:198,51520
DA:199,51520
DA:200,8464
DA:201,43056
DA:202,43056
DA:203,16992
DA:205,26064
DA:207,51520
DA:209,12880
DA:210,12880
DA:211,12880
DA:212,12880
DA:213,12880
DA:214,12880
DA:215,12880
DA:216,12880
DA:217,12880
DA:218,12880
DA:219,12880
DA:220,12880
DA:221,12880
DA:222,12880
DA:223,12880
DA:224,12880
DA:225,12880
DA:226,12880
DA:227,12880
DA:228,4565
DA:230,8315
DA:232,12880
DA:234,23
DA:235,23
DA:236,23
DA:237,23
DA:238,23
DA:239,23
DA:240,23
DA:241,23
DA:242,23
DA:243,23
DA:244,23
DA:245,23
DA:246,23
DA:247,644
DA:248,644
DA:249,644
DA:250,644
DA:251,12880
DA:252,12880
DA:253,12880
DA:254,12880
DA:255,9263
DA:256,9263
DA:257,3617
DA:258,2973
DA:259,2973
DA:260,3617
DA:261,3617
DA:262,3617
DA:265,644
DA:266,644
DA:267,644
DA:269,23
DA:271,1759
DA:272,1759
DA:273,60
DA:274,7
DA:275,35
DA:276,2
DA:277,6
DA:278,7
DA:279,1
DA:280,0
DA:281,4
DA:282,1
DA:283,55
DA:284,50
DA:285,5
DA:286,124
DA:287,60
DA:288,44
DA:289,69
DA:290,180
DA:291,15
DA:292,38
DA:293,22
DA:294,71
DA:295,0
DA:296,16
DA:297,41
DA:298,45
DA:299,83
DA:300,102
DA:301,33
DA:302,0
DA:303,128
DA:304,158
DA:305,107
DA:306,43
DA:307,6
DA:308,15
DA:309,14
DA:310,5
DA:311,3
DA:312,104
DA:314,1759
DA:322,1
DA:323,1
DA:324,1
DA:325,1
DA:326,1
DA:327,1
DA:328,1
DA:330,1
BRF:0
BRH:0
LF:278
LH:272
end_of_record
SF:/Users/ivan/projects/github/esp/orion-rust/crates/orion-core/src/game2048.rs
FN:626,_RNCNvNtNtCs20Ygd6RoaGo_10orion_core8game20485testss_34place_random_tile_fills_empty_cell0B7_
FN:629,_RNCNvNtNtCs20Ygd6RoaGo_10orion_core8game20485testss_34place_random_tile_fills_empty_cells_0B7_
FN:16,_RNvMNtCs20Ygd6RoaGo_10orion_core8game2048NtB2_8GridSize4size
FN:24,_RNvMNtCs20Ygd6RoaGo_10orion_core8game2048NtB2_8GridSize5index
FN:40,_RNvMNtCs20Ygd6RoaGo_10orion_core8game2048NtB2_8GridSize5label
FN:127,_RNvMs0_NtCs20Ygd6RoaGo_10orion_core8game2048NtB5_8Game204810best_score
FN:307,_RNvMs0_NtCs20Ygd6RoaGo_10orion_core8game2048NtB5_8Game204812is_game_over
FN:131,_RNvMs0_NtCs20Ygd6RoaGo_10orion_core8game2048NtB5_8Game204812pause_action
FN:135,_RNvMs0_NtCs20Ygd6RoaGo_10orion_core8game2048NtB5_8Game204814choosing_field
FN:151,_RNvMs0_NtCs20Ygd6RoaGo_10orion_core8game2048NtB5_8Game204816adjust_grid_size
FN:139,_RNvMs0_NtCs20Ygd6RoaGo_10orion_core8game2048NtB5_8Game204816game_over_action
FN:196,_RNvMs0_NtCs20Ygd6RoaGo_10orion_core8game2048NtB5_8Game204818cycle_pause_action
FN:203,_RNvMs0_NtCs20Ygd6RoaGo_10orion_core8game2048NtB5_8Game204820cycle_choosing_field
FN:210,_RNvMs0_NtCs20Ygd6RoaGo_10orion_core8game2048NtB5_8Game204822cycle_game_over_action
FN:217,_RNvMs0_NtCs20Ygd6RoaGo_10orion_core8game2048NtB5_8Game204826select_next_choosing_field
FN:226,_RNvMs0_NtCs20Ygd6RoaGo_10orion_core8game2048NtB5_8Game204830select_previous_choosing_field
FN:147,_RNvMs0_NtCs20Ygd6RoaGo_10orion_core8game2048NtB5_8Game20484cell
FN:143,_RNvMs0_NtCs20Ygd6RoaGo_10orion_core8game2048NtB5_8Game20484grid
FN:115,_RNvMs0_NtCs20Ygd6RoaGo_10orion_core8game2048NtB5_8Game20484mode
FN:123,_RNvMs0_NtCs20Ygd6RoaGo_10orion_core8game2048NtB5_8Game20485score
FN:235,_RNvMs0_NtCs20Ygd6RoaGo_10orion_core8game2048NtB5_8Game20485slide
FN:119,_RNvMs0_NtCs20Ygd6RoaGo_10orion_core8game2048NtB5_8Game20489grid_size
FN:351,_RNvNtCs20Ygd6RoaGo_10orion_core8game204810slide_line
FN:418,_RNvNtCs20Ygd6RoaGo_10orion_core8game204812write_col_up
FN:410,_RNvNtCs20Ygd6RoaGo_10orion_core8game204814extract_col_up
FN:432,_RNvNtCs20Ygd6RoaGo_10orion_core8game204814write_col_down
FN:390,_RNvNtCs20Ygd6RoaGo_10orion_core8game204814write_row_left
FN:404,_RNvNtCs20Ygd6RoaGo_10orion_core8game204815write_row_right
FN:424,_RNvNtCs20Ygd6RoaGo_10orion_core8game204816extract_col_down
FN:382,_RNvNtCs20Ygd6RoaGo_10orion_core8game204816extract_row_left
FN:396,_RNvNtCs20Ygd6RoaGo_10orion_core8game204817extract_row_right
FN:88,_RNvXs_NtCs20Ygd6RoaGo_10orion_core8game2048NtB4_8Game2048NtNtCs6sq8b9ugfBC_4core7default7Default7default
FN:163,_RINvMs0_NtCs20Ygd6RoaGo_10orion_core8game2048NtB6_8Game204812press_switchNtNtB8_5store20MemoryHighScoreStoreNtNtB8_3rng11ScriptedRngEB8_
FN:103,_RINvMs0_NtCs20Ygd6RoaGo_10orion_core8game2048NtB6_8Game204814enter_choosingNtNtB8_5store20MemoryHighScoreStoreEB8_
FN:341,_RINvMs0_NtCs20Ygd6RoaGo_10orion_core8game2048NtB6_8Game204814start_new_gameNtNtB8_5store20MemoryHighScoreStoreNtNtB8_3rng11ScriptedRngEB8_
FN:326,_RINvMs0_NtCs20Ygd6RoaGo_10orion_core8game2048NtB6_8Game204815enter_game_overNtNtB8_5store20MemoryHighScoreStoreEB8_
FN:283,_RINvMs0_NtCs20Ygd6RoaGo_10orion_core8game2048NtB6_8Game204817place_random_tileNtNtB8_3rng11ScriptedRngEB8_
FN:334,_RINvMs0_NtCs20Ygd6RoaGo_10orion_core8game2048NtB6_8Game204817update_best_scoreNtNtB8_5store20MemoryHighScoreStoreEB8_
FN:111,_RINvMs0_NtCs20Ygd6RoaGo_10orion_core8game2048NtB6_8Game204818refresh_best_scoreNtNtB8_5store20MemoryHighScoreStoreEB8_
FN:444,_RNvNtNtCs20Ygd6RoaGo_10orion_core8game20485tests9make_grid
FN:660,_RNvNtNtCs20Ygd6RoaGo_10orion_core8game20485testss_16small_grid_slide
FN:644,_RNvNtNtCs20Ygd6RoaGo_10orion_core8game20485testss_17grid_size_cycling
FN:560,_RNvNtNtCs20Ygd6RoaGo_10orion_core8game20485testss_22slide_up_merges_column
FN:543,_RNvNtNtCs20Ygd6RoaGo_10orion_core8game20485testss_24slide_down_merges_column
FN:490,_RNvNtNtCs20Ygd6RoaGo_10orion_core8game20485testss_24slide_right_shifts_tiles
FN:527,_RNvNtNtCs20Ygd6RoaGo_10orion_core8game20485testss_25slide_adds_score_on_merge
FN:455,_RNvNtNtCs20Ygd6RoaGo_10orion_core8game20485testss_26slide_left_merges_adjacent
FN:678,_RNvNtNtCs20Ygd6RoaGo_10orion_core8game20485testss_26update_best_score_persists
FN:508,_RNvNtNtCs20Ygd6RoaGo_10orion_core8game20485testss_31slide_merges_only_once_per_move
FN:474,_RNvNtNtCs20Ygd6RoaGo_10orion_core8game20485testss_32slide_left_no_move_returns_false
FN:603,_RNvNtNtCs20Ygd6RoaGo_10orion_core8game20485testss_34is_game_over_false_with_empty_cell
FN:616,_RNvNtNtCs20Ygd6RoaGo_10orion_core8game20485testss_34place_random_tile_fills_empty_cell
FN:634,_RNvNtNtCs20Ygd6RoaGo_10orion_core8game20485testss_38press_switch_starts_game_from_choosing
FN:590,_RNvNtNtCs20Ygd6RoaGo_10orion_core8game20485testss_39is_game_over_false_with_merge_available
FN:577,_RNvNtNtCs20Ygd6RoaGo_10orion_core8game20485testss_41is_game_over_detects_full_board_no_merges
FN:691,_RNvNtNtCs20Ygd6RoaGo_10orion_core8game20485testss_44enter_game_over_sets_mode_and_persists_score
FN:32,_RNvMNtCs20Ygd6RoaGo_10orion_core8game2048NtB2_8GridSize10from_index
FNDA:20,_RNCNvNtNtCs20Ygd6RoaGo_10orion_core8game20485testss_34place_random_tile_fills_empty_cell0B7_
FNDA:1,_RNCNvNtNtCs20Ygd6RoaGo_10orion_core8game20485testss_34place_random_tile_fills_empty_cells_0B7_
FNDA:108,_RNvMNtCs20Ygd6RoaGo_10orion_core8game2048NtB2_8GridSize4size
FNDA:46,_RNvMNtCs20Ygd6RoaGo_10orion_core8game2048NtB2_8GridSize5index
FNDA:2,_RNvMNtCs20Ygd6RoaGo_10orion_core8game2048NtB2_8GridSize5label
FNDA:21,_RNvMs0_NtCs20Ygd6RoaGo_10orion_core8game2048NtB5_8Game204810best_score
FNDA:7,_RNvMs0_NtCs20Ygd6RoaGo_10orion_core8game2048NtB5_8Game204812is_game_over
FNDA:4,_RNvMs0_NtCs20Ygd6RoaGo_10orion_core8game2048NtB5_8Game204812pause_action
FNDA:13,_RNvMs0_NtCs20Ygd6RoaGo_10orion_core8game2048NtB5_8Game204814choosing_field
FNDA:6,_RNvMs0_NtCs20Ygd6RoaGo_10orion_core8game2048NtB5_8Game204816adjust_grid_size
FNDA:3,_RNvMs0_NtCs20Ygd6RoaGo_10orion_core8game2048NtB5_8Game204816game_over_action
FNDA:1,_RNvMs0_NtCs20Ygd6RoaGo_10orion_core8game2048NtB5_8Game204818cycle_pause_action
FNDA:1,_RNvMs0_NtCs20Ygd6RoaGo_10orion_core8game2048NtB5_8Game204820cycle_choosing_field
FNDA:0,_RNvMs0_NtCs20Ygd6RoaGo_10orion_core8game2048NtB5_8Game204822cycle_game_over_action
FNDA:0,_RNvMs0_NtCs20Ygd6RoaGo_10orion_core8game2048NtB5_8Game204826select_next_choosing_field
FNDA:0,_RNvMs0_NtCs20Ygd6RoaGo_10orion_core8game2048NtB5_8Game204830select_previous_choosing_field
FNDA:111,_RNvMs0_NtCs20Ygd6RoaGo_10orion_core8game2048NtB5_8Game20484cell
FNDA:102,_RNvMs0_NtCs20Ygd6RoaGo_10orion_core8game2048NtB5_8Game20484grid
FNDA:28,_RNvMs0_NtCs20Ygd6RoaGo_10orion_core8game2048NtB5_8Game20484mode
FNDA:20,_RNvMs0_NtCs20Ygd6RoaGo_10orion_core8game2048NtB5_8Game20485score
FNDA:14,_RNvMs0_NtCs20Ygd6RoaGo_10orion_core8game2048NtB5_8Game20485slide
FNDA:55,_RNvMs0_NtCs20Ygd6RoaGo_10orion_core8game2048NtB5_8Game20489grid_size
FNDA:55,_RNvNtCs20Ygd6RoaGo_10orion_core8game204810slide_line
FNDA:4,_RNvNtCs20Ygd6RoaGo_10orion_core8game204812write_col_up
FNDA:4,_RNvNtCs20Ygd6RoaGo_10orion_core8game204814extract_col_up
FNDA:4,_RNvNtCs20Ygd6RoaGo_10orion_core8game204814write_col_down
FNDA:23,_RNvNtCs20Ygd6RoaGo_10orion_core8game204814write_row_left
FNDA:24,_RNvNtCs20Ygd6RoaGo_10orion_core8game204815write_row_right
FNDA:4,_RNvNtCs20Ygd6RoaGo_10orion_core8game204816extract_col_down
FNDA:23,_RNvNtCs20Ygd6RoaGo_10orion_core8game204816extract_row_left
FNDA:24,_RNvNtCs20Ygd6RoaGo_10orion_core8game204817extract_row_right
FNDA:34,_RNvXs_NtCs20Ygd6RoaGo_10orion_core8game2048NtB4_8Game2048NtNtCs6sq8b9ugfBC_4core7default7Default7default
FNDA:15,_RINvMs0_NtCs20Ygd6RoaGo_10orion_core8game2048NtB6_8Game204812press_switchNtNtB8_5store20MemoryHighScoreStoreNtNtB8_3rng11ScriptedRngEB8_
FNDA:8,_RINvMs0_NtCs20Ygd6RoaGo_10orion_core8game2048NtB6_8Game204814enter_choosingNtNtB8_5store20MemoryHighScoreStoreEB8_
FNDA:12,_RINvMs0_NtCs20Ygd6RoaGo_10orion_core8game2048NtB6_8Game204814start_new_gameNtNtB8_5store20MemoryHighScoreStoreNtNtB8_3rng11ScriptedRngEB8_
FNDA:1,_RINvMs0_NtCs20Ygd6RoaGo_10orion_core8game2048NtB6_8Game204815enter_game_overNtNtB8_5store20MemoryHighScoreStoreEB8_
FNDA:31,_RINvMs0_NtCs20Ygd6RoaGo_10orion_core8game2048NtB6_8Game204817place_random_tileNtNtB8_3rng11ScriptedRngEB8_
FNDA:2,_RINvMs0_NtCs20Ygd6RoaGo_10orion_core8game2048NtB6_8Game204817update_best_scoreNtNtB8_5store20MemoryHighScoreStoreEB8_
FNDA:9,_RINvMs0_NtCs20Ygd6RoaGo_10orion_core8game2048NtB6_8Game204818refresh_best_scoreNtNtB8_5store20MemoryHighScoreStoreEB8_
FNDA:12,_RNvNtNtCs20Ygd6RoaGo_10orion_core8game20485tests9make_grid
FNDA:1,_RNvNtNtCs20Ygd6RoaGo_10orion_core8game20485testss_16small_grid_slide
FNDA:1,_RNvNtNtCs20Ygd6RoaGo_10orion_core8game20485testss_17grid_size_cycling
FNDA:1,_RNvNtNtCs20Ygd6RoaGo_10orion_core8game20485testss_22slide_up_merges_column
FNDA:1,_RNvNtNtCs20Ygd6RoaGo_10orion_core8game20485testss_24slide_down_merges_column
FNDA:1,_RNvNtNtCs20Ygd6RoaGo_10orion_core8game20485testss_24slide_right_shifts_tiles
FNDA:1,_RNvNtNtCs20Ygd6RoaGo_10orion_core8game20485testss_25slide_adds_score_on_merge
FNDA:1,_RNvNtNtCs20Ygd6RoaGo_10orion_core8game20485testss_26slide_left_merges_adjacent
FNDA:1,_RNvNtNtCs20Ygd6RoaGo_10orion_core8game20485testss_26update_best_score_persists
FNDA:1,_RNvNtNtCs20Ygd6RoaGo_10orion_core8game20485testss_31slide_merges_only_once_per_move
FNDA:1,_RNvNtNtCs20Ygd6RoaGo_10orion_core8game20485testss_32slide_left_no_move_returns_false
FNDA:1,_RNvNtNtCs20Ygd6RoaGo_10orion_core8game20485testss_34is_game_over_false_with_empty_cell
FNDA:1,_RNvNtNtCs20Ygd6RoaGo_10orion_core8game20485testss_34place_random_tile_fills_empty_cell
FNDA:1,_RNvNtNtCs20Ygd6RoaGo_10orion_core8game20485testss_38press_switch_starts_game_from_choosing
FNDA:1,_RNvNtNtCs20Ygd6RoaGo_10orion_core8game20485testss_39is_game_over_false_with_merge_available
FNDA:1,_RNvNtNtCs20Ygd6RoaGo_10orion_core8game20485testss_41is_game_over_detects_full_board_no_merges
FNDA:1,_RNvNtNtCs20Ygd6RoaGo_10orion_core8game20485testss_44enter_game_over_sets_mode_and_persists_score
FNDA:0,_RNvMNtCs20Ygd6RoaGo_10orion_core8game2048NtB2_8GridSize10from_index
FNF:57
FNH:53
DA:16,108
DA:17,108
DA:18,2
DA:19,105
DA:20,1
DA:22,108
DA:24,46
DA:25,46
DA:26,4
DA:27,38
DA:28,4
DA:30,46
DA:32,0
DA:33,0
DA:34,0
DA:35,0
DA:36,0
DA:38,0
DA:40,2
DA:41,2
DA:42,0
DA:43,2
DA:44,0
DA:46,2
DA:88,34
DA:89,34
DA:90,34
DA:91,34
DA:92,34
DA:93,34
DA:94,34
DA:95,34
DA:96,34
DA:97,34
DA:98,34
DA:99,34
DA:103,8
DA:104,8
DA:105,8
DA:106,8
DA:107,8
DA:108,8
DA:109,8
DA:111,9
DA:112,9
DA:113,9
DA:115,28
DA:116,28
DA:117,28
DA:119,55
DA:120,55
DA:121,55
DA:123,20
DA:124,20
DA:125,20
DA:127,21
DA:128,21
DA:129,21
DA:131,4
DA:132,4
DA:133,4
DA:135,13
DA:136,13
DA:137,13
DA:139,3
DA:140,3
DA:141,3
DA:143,102
DA:144,102
DA:145,102
DA:147,111
DA:148,111
DA:149,111
DA:151,6
DA:152,6
DA:153,6
DA:154,6
DA:155,6
DA:156,6
DA:157,2
DA:158,4
DA:159,4
DA:160,4
DA:161,6
DA:163,15
DA:164,15
DA:165,15
DA:166,15
DA:167,15
DA:168,15
DA:170,12
DA:171,12
DA:174,2
DA:175,2
DA:176,2
DA:179,1
DA:180,1
DA:181,1
DA:182,1
DA:183,0
DA:184,0
DA:185,0
DA:187,1
DA:190,0
DA:191,0
DA:194,15
DA:196,1
DA:197,1
DA:198,1
DA:199,0
DA:201,1
DA:203,1
DA:204,1
DA:205,1
DA:206,0
DA:208,1
DA:210,0
DA:211,0
DA:212,0
DA:213,0
DA:215,0
DA:217,0
DA:218,0
DA:219,0
DA:220,0
DA:222,0
DA:224,0
DA:226,0
DA:227,0
DA:228,0
DA:229,0
DA:231,0
DA:233,0
DA:235,14
DA:236,14
DA:237,0
DA:238,14
DA:240,14
DA:241,14
DA:242,14
DA:244,14
DA:246,23
DA:247,23
DA:248,23
DA:249,23
DA:250,23
DA:253,24
DA:254,24
DA:255,24
DA:256,24
DA:257,24
DA:260,4
DA:261,4
DA:262,4
DA:263,4
DA:264,4
DA:267,4
DA:268,4
DA:269,4
DA:270,4
DA:271,4
DA:275,14
DA:276,13
DA:277,13
DA:279,1
DA:281,14
DA:283,31
DA:284,31
DA:285,31
DA:286,31
DA:288,124
DA:289,496
DA:290,496
DA:291,496
DA:292,472
DA:293,472
DA:294,472
DA:298,31
DA:299,0
DA:300,31
DA:302,31
DA:303,31
DA:304,31
DA:305,31
DA:307,7
DA:308,7
DA:309,17
DA:310,58
DA:311,58
DA:312,58
DA:313,4
DA:314,54
DA:315,54
DA:316,0
DA:317,54
DA:318,54
DA:319,1
DA:320,53
DA:323,2
DA:324,7
DA:326,1
DA:327,1
DA:328,1
DA:329,1
DA:330,1
DA:331,1
DA:332,1
DA:334,2
DA:335,2
DA:336,1
DA:337,1
DA:338,2
DA:339,2
DA:341,12
DA:342,12
DA:343,12
DA:344,12
DA:345,12
DA:346,12
DA:347,12
DA:348,12
DA:351,55
DA:352,55
DA:353,55
DA:354,217
DA:355,217
DA:356,38
DA:357,38
DA:358,179
DA:361,55
DA:362,55
DA:363,55
DA:364,55
DA:365,83
DA:366,28
DA:367,10
DA:368,10
DA:369,10
DA:370,10
DA:371,18
DA:372,18
DA:373,18
DA:374,18
DA:375,28
DA:378,55
DA:379,55
DA:380,55
DA:382,23
DA:383,23
DA:384,89
DA:385,89
DA:386,89
DA:387,23
DA:388,23
DA:390,23
DA:391,89
DA:392,89
DA:393,89
DA:394,23
DA:396,24
DA:397,24
DA:398,96
DA:399,96
DA:400,96
DA:401,24
DA:402,24
DA:404,24
DA:405,96
DA:406,96
DA:407,96
DA:408,24
DA:410,4
DA:411,4
DA:412,16
DA:413,16
DA:414,16
DA:415,4
DA:416,4
DA:418,4
DA:419,16
DA:420,16
DA:421,16
DA:422,4
DA:424,4
DA:425,4
DA:426,16
DA:427,16
DA:428,16
DA:429,4
DA:430,4
DA:432,4
DA:433,16
DA:434,16
DA:435,16
DA:436,4
DA:444,12
DA:445,12
DA:446,47
DA:447,185
DA:448,185
DA:449,185
DA:451,12
DA:452,12
DA:455,1
DA:456,1
DA:457,1
DA:458,1
DA:459,1
DA:460,1
DA:461,1
DA:462,1
DA:463,1
DA:464,1
DA:466,1
DA:467,1
DA:468,1
DA:469,1
DA:470,1
DA:471,1
DA:474,1
DA:475,1
DA:476,1
DA:477,1
DA:478,1
DA:479,1
DA:480,1
DA:481,1
DA:482,1
DA:483,1
DA:485,1
DA:486,1
DA:487,1
DA:490,1
DA:491,1
DA:492,1
DA:493,1
DA:494,1
DA:495,1
DA:496,1
DA:497,1
DA:498,1
DA:499,1
DA:501,1
DA:502,1
DA:503,1
DA:504,1
DA:505,1
DA:508,1
DA:509,1
DA:510,1
DA:511,1
DA:512,1
DA:513,1
DA:514,1
DA:515,1
DA:516,1
DA:517,1
DA:519,1
DA:520,1
DA:521,1
DA:522,1
DA:523,1
DA:524,1
DA:527,1
DA:528,1
DA:529,1
DA:530,1
DA:531,1
DA:532,1
DA:533,1
DA:534,1
DA:535,1
DA:536,1
DA:538,1
DA:539,1
DA:540,1
DA:543,1
DA:544,1
DA:545,1
DA:546,1
DA:547,1
DA:548,1
DA:549,1
DA:550,1
DA:551,1
DA:552,1
DA:554,1
DA:555,1
DA:556,1
DA:557,1
DA:560,1
DA:561,1
DA:562,1
DA:563,1
DA:564,1
DA:565,1
DA:566,1
DA:567,1
DA:568,1
DA:569,1
DA:571,1
DA:572,1
DA:573,1
DA:574,1
DA:577,1
DA:578,1
DA:579,1
DA:580,1
DA:581,1
DA:582,1
DA:583,1
DA:584,1
DA:585,1
DA:586,1
DA:587,1
DA:590,1
DA:591,1
DA:592,1
DA:593,1
DA:594,1
DA:595,1
DA:596,1
DA:597,1
DA:598,1
DA:599,1
DA:600,1
DA:603,1
DA:604,1
DA:605,1
DA:606,1
DA:607,1
DA:608,1
DA:609,1
DA:610,1
DA:611,1
DA:612,1
DA:613,1
DA:616,1
DA:617,1
DA:618,1
DA:619,1
DA:620,1
DA:622,1
DA:624,1
DA:625,1
DA:626,20
DA:627,1
DA:628,1
DA:629,1
DA:630,1
DA:631,1
DA:634,1
DA:635,1
DA:636,1
DA:637,1
DA:639,1
DA:640,1
DA:641,1
DA:644,1
DA:645,1
DA:646,1
DA:647,1
DA:648,1
DA:649,1
DA:650,1
DA:651,1
DA:652,1
DA:653,1
DA:654,1
DA:655,1
DA:656,1
DA:657,1
DA:660,1
DA:661,1
DA:662,1
DA:663,1
DA:664,1
DA:665,1
DA:666,1
DA:667,1
DA:668,1
DA:670,1
DA:671,1
DA:672,1
DA:673,1
DA:674,1
DA:675,1
DA:678,1
DA:679,1
DA:680,1
DA:681,1
DA:682,1
DA:684,1
DA:686,1
DA:687,1
DA:688,1
DA:691,1
DA:692,1
DA:693,1
DA:694,1
DA:695,1
DA:696,1
DA:697,1
DA:698,1
DA:699,1
DA:700,1
DA:701,1
DA:702,1
DA:704,1
DA:705,1
DA:706,1
DA:707,1
DA:708,1
BRF:0
BRH:0
LF:515
LH:480
end_of_record
SF:/Users/ivan/projects/github/esp/orion-rust/crates/orion-core/src/game2048_application.rs
FN:389,_RNvNtNtCs20Ygd6RoaGo_10orion_core20game2048_application5testss_28pause_switch_resumes_playing
FN:470,_RNvNtNtCs20Ygd6RoaGo_10orion_core20game2048_application5testss_30pause_exit_returns_to_launcher
FN:364,_RNvNtNtCs20Ygd6RoaGo_10orion_core20game2048_application5testss_32grid_size_adjustment_in_choosing
FN:295,_RNvNtNtCs20Ygd6RoaGo_10orion_core20game2048_application5testss_32switch_starts_game_from_choosing
FN:443,_RNvNtNtCs20Ygd6RoaGo_10orion_core20game2048_application5testss_33choosing_exit_returns_to_launcher
FN:321,_RNvNtNtCs20Ygd6RoaGo_10orion_core20game2048_application5testss_34direction_slides_tiles_during_play
FN:527,_RNvNtNtCs20Ygd6RoaGo_10orion_core20game2048_application5testss_34game_over_exit_returns_to_launcher
FN:555,_RNvNtNtCs20Ygd6RoaGo_10orion_core20game2048_application5testss_35delta_render_produces_draw_commands
FN:95,_RINvMNtCs20Ygd6RoaGo_10orion_core20game2048_applicationNtB3_19Game2048Application12handle_inputNtNtB5_5store20MemoryHighScoreStoreNtNtB5_3rng11ScriptedRngEB5_
FN:207,_RINvMNtCs20Ygd6RoaGo_10orion_core20game2048_applicationNtB3_19Game2048Application19handle_paused_inputNtNtB5_5store20MemoryHighScoreStoreNtNtB5_3rng11ScriptedRngEB5_
FN:173,_RINvMNtCs20Ygd6RoaGo_10orion_core20game2048_applicationNtB3_19Game2048Application20handle_playing_inputNtNtB5_5store20MemoryHighScoreStoreNtNtB5_3rng11ScriptedRngEB5_
FN:117,_RINvMNtCs20Ygd6RoaGo_10orion_core20game2048_applicationNtB3_19Game2048Application21handle_choosing_inputNtNtB5_5store20MemoryHighScoreStoreNtNtB5_3rng11ScriptedRngEB5_
FN:239,_RINvMNtCs20Ygd6RoaGo_10orion_core20game2048_applicationNtB3_19Game2048Application22handle_game_over_inputNtNtB5_5store20MemoryHighScoreStoreNtNtB5_3rng11ScriptedRngEB5_
FN:43,_RINvMNtCs20Ygd6RoaGo_10orion_core20game2048_applicationNtB3_19Game2048Application5enterNtNtB5_5store20MemoryHighScoreStoreEB5_
FN:47,_RINvMNtCs20Ygd6RoaGo_10orion_core20game2048_applicationNtB3_19Game2048Application6updateNtNtB5_6render16RecordingDisplayNtNtB5_5store20MemoryHighScoreStoreNtNtB5_3rng11ScriptedRngEB5_
FN:271,_RNvMNtCs20Ygd6RoaGo_10orion_core20game2048_applicationNtB2_19Game2048Application21accept_menu_direction
FN:29,_RNvMNtCs20Ygd6RoaGo_10orion_core20game2048_applicationNtB2_19Game2048Application3new
FN:91,_RNvMNtCs20Ygd6RoaGo_10orion_core20game2048_applicationNtB2_19Game2048Application4game
FN:77,_RINvMNtCs20Ygd6RoaGo_10orion_core20game2048_applicationNtB3_19Game2048Application11render_fullpEB5_
FN:39,_RNvMNtCs20Ygd6RoaGo_10orion_core20game2048_applicationNtB2_19Game2048Application5title
FN:281,_RNvXs_NtCs20Ygd6RoaGo_10orion_core20game2048_applicationNtB4_19Game2048ApplicationNtNtCs6sq8b9ugfBC_4core7default7Default7default
FNDA:1,_RNvNtNtCs20Ygd6RoaGo_10orion_core20game2048_application5testss_28pause_switch_resumes_playing
FNDA:1,_RNvNtNtCs20Ygd6RoaGo_10orion_core20game2048_application5testss_30pause_exit_returns_to_launcher
FNDA:1,_RNvNtNtCs20Ygd6RoaGo_10orion_core20game2048_application5testss_32grid_size_adjustment_in_choosing
FNDA:1,_RNvNtNtCs20Ygd6RoaGo_10orion_core20game2048_application5testss_32switch_starts_game_from_choosing
FNDA:1,_RNvNtNtCs20Ygd6RoaGo_10orion_core20game2048_application5testss_33choosing_exit_returns_to_launcher
FNDA:1,_RNvNtNtCs20Ygd6RoaGo_10orion_core20game2048_application5testss_34direction_slides_tiles_during_play
FNDA:1,_RNvNtNtCs20Ygd6RoaGo_10orion_core20game2048_application5testss_34game_over_exit_returns_to_launcher
FNDA:1,_RNvNtNtCs20Ygd6RoaGo_10orion_core20game2048_application5testss_35delta_render_produces_draw_commands
FNDA:15,_RINvMNtCs20Ygd6RoaGo_10orion_core20game2048_applicationNtB3_19Game2048Application12handle_inputNtNtB5_5store20MemoryHighScoreStoreNtNtB5_3rng11ScriptedRngEB5_
FNDA:2,_RINvMNtCs20Ygd6RoaGo_10orion_core20game2048_applicationNtB3_19Game2048Application19handle_paused_inputNtNtB5_5store20MemoryHighScoreStoreNtNtB5_3rng11ScriptedRngEB5_
FNDA:5,_RINvMNtCs20Ygd6RoaGo_10orion_core20game2048_applicationNtB3_19Game2048Application20handle_playing_inputNtNtB5_5store20MemoryHighScoreStoreNtNtB5_3rng11ScriptedRngEB5_
FNDA:7,_RINvMNtCs20Ygd6RoaGo_10orion_core20game2048_applicationNtB3_19Game2048Application21handle_choosing_inputNtNtB5_5store20MemoryHighScoreStoreNtNtB5_3rng11ScriptedRngEB5_
FNDA:1,_RINvMNtCs20Ygd6RoaGo_10orion_core20game2048_applicationNtB3_19Game2048Application22handle_game_over_inputNtNtB5_5store20MemoryHighScoreStoreNtNtB5_3rng11ScriptedRngEB5_
FNDA:8,_RINvMNtCs20Ygd6RoaGo_10orion_core20game2048_applicationNtB3_19Game2048Application5enterNtNtB5_5store20MemoryHighScoreStoreEB5_
FNDA:15,_RINvMNtCs20Ygd6RoaGo_10orion_core20game2048_applicationNtB3_19Game2048Application6updateNtNtB5_6render16RecordingDisplayNtNtB5_5store20MemoryHighScoreStoreNtNtB5_3rng11ScriptedRngEB5_
FNDA:0,_RNvMNtCs20Ygd6RoaGo_10orion_core20game2048_applicationNtB2_19Game2048Application21accept_menu_direction
FNDA:8,_RNvMNtCs20Ygd6RoaGo_10orion_core20game2048_applicationNtB2_19Game2048Application3new
FNDA:7,_RNvMNtCs20Ygd6RoaGo_10orion_core20game2048_applicationNtB2_19Game2048Application4game
FNDA:0,_RINvMNtCs20Ygd6RoaGo_10orion_core20game2048_applicationNtB3_19Game2048Application11render_fullpEB5_
FNDA:0,_RNvMNtCs20Ygd6RoaGo_10orion_core20game2048_applicationNtB2_19Game2048Application5title
FNDA:0,_RNvXs_NtCs20Ygd6RoaGo_10orion_core20game2048_applicationNtB4_19Game2048ApplicationNtNtCs6sq8b9ugfBC_4core7default7Default7default
FNF:21
FNH:17
DA:29,8
DA:30,8
DA:31,8
DA:32,8
DA:33,8
DA:34,8
DA:35,8
DA:36,8
DA:37,8
DA:39,0
DA:40,0
DA:41,0
DA:43,8
DA:44,8
DA:45,8
DA:47,15
DA:48,15
DA:49,15
DA:50,15
DA:51,15
DA:52,15
DA:53,15
DA:54,15
DA:55,15
DA:56,15
DA:57,15
DA:58,3
DA:59,12
DA:61,12
DA:62,0
DA:63,9
DA:65,3
DA:66,3
DA:67,3
DA:68,3
DA:69,3
DA:70,3
DA:72,3
DA:75,15
DA:77,0
DA:78,0
DA:79,0
DA:80,0
DA:81,0
DA:82,0
DA:83,0
DA:84,0
DA:85,0
DA:86,0
DA:87,0
DA:89,0
DA:91,7
DA:92,7
DA:93,7
DA:95,15
DA:96,15
DA:97,15
DA:98,15
DA:99,15
DA:100,15
DA:101,15
DA:102,15
DA:103,15
DA:105,7
DA:107,5
DA:109,2
DA:112,1
DA:115,15
DA:117,7
DA:118,7
DA:119,7
DA:120,7
DA:121,7
DA:122,7
DA:123,7
DA:124,7
DA:125,7
DA:126,7
DA:127,6
DA:128,1
DA:129,1
DA:130,5
DA:131,5
DA:132,5
DA:133,1
DA:134,1
DA:135,1
DA:136,1
DA:137,1
DA:138,0
DA:139,0
DA:140,0
DA:141,0
DA:142,1
DA:143,0
DA:145,0
DA:146,0
DA:147,0
DA:150,0
DA:151,0
DA:152,0
DA:155,0
DA:158,0
DA:160,0
DA:162,1
DA:163,1
DA:164,1
DA:165,1
DA:166,1
DA:167,1
DA:169,0
DA:171,7
DA:173,5
DA:174,5
DA:175,5
DA:176,5
DA:177,5
DA:178,5
DA:179,5
DA:180,5
DA:181,5
DA:182,5
DA:184,3
DA:185,3
DA:186,3
DA:188,3
DA:189,3
DA:190,3
DA:191,0
DA:192,0
DA:193,3
DA:194,3
DA:195,0
DA:196,0
DA:197,0
DA:198,0
DA:199,2
DA:200,2
DA:201,2
DA:202,2
DA:203,0
DA:204,0
DA:205,5
DA:207,2
DA:208,2
DA:209,2
DA:210,2
DA:211,2
DA:212,2
DA:213,2
DA:214,2
DA:215,2
DA:216,0
DA:217,0
DA:218,2
DA:219,2
DA:220,0
DA:221,0
DA:224,0
DA:225,0
DA:226,0
DA:227,2
DA:228,2
DA:229,2
DA:230,1
DA:231,1
DA:232,1
DA:233,1
DA:234,1
DA:235,0
DA:236,0
DA:237,2
DA:239,1
DA:240,1
DA:241,1
DA:242,1
DA:243,1
DA:244,1
DA:245,1
DA:246,1
DA:247,1
DA:248,0
DA:249,0
DA:250,1
DA:251,1
DA:252,0
DA:253,0
DA:256,0
DA:257,0
DA:258,0
DA:259,1
DA:260,1
DA:261,1
DA:262,1
DA:263,1
DA:264,0
DA:265,0
DA:266,0
DA:267,0
DA:268,0
DA:269,1
DA:271,0
DA:272,0
DA:273,0
DA:274,0
DA:275,0
DA:276,0
DA:277,0
DA:281,0
DA:282,0
DA:283,0
DA:295,1
DA:296,1
DA:297,1
DA:298,1
DA:299,1
DA:300,1
DA:302,1
DA:303,1
DA:304,1
DA:305,1
DA:306,1
DA:307,1
DA:308,1
DA:309,1
DA:310,1
DA:311,1
DA:312,1
DA:316,1
DA:317,1
DA:318,1
DA:321,1
DA:322,1
DA:323,1
DA:324,1
DA:325,1
DA:326,1
DA:328,1
DA:329,1
DA:330,1
DA:331,1
DA:332,1
DA:333,1
DA:334,1
DA:335,1
DA:336,1
DA:337,1
DA:338,1
DA:339,1
DA:340,1
DA:341,1
DA:342,1
DA:344,1
DA:345,1
DA:346,1
DA:347,1
DA:348,1
DA:349,1
DA:350,1
DA:351,1
DA:352,1
DA:353,1
DA:354,1
DA:355,1
DA:359,1
DA:360,1
DA:361,1
DA:364,1
DA:365,1
DA:366,1
DA:367,1
DA:368,1
DA:369,1
DA:371,1
DA:372,1
DA:373,1
DA:374,1
DA:375,1
DA:376,1
DA:377,1
DA:378,1
DA:379,1
DA:380,1
DA:381,1
DA:385,1
DA:386,1
DA:389,1
DA:390,1
DA:391,1
DA:392,1
DA:393,1
DA:394,1
DA:396,1
DA:397,1
DA:398,1
DA:399,1
DA:400,1
DA:401,1
DA:402,1
DA:403,1
DA:404,1
DA:405,1
DA:406,1
DA:407,1
DA:408,1
DA:409,1
DA:411,1
DA:412,1
DA:413,1
DA:414,1
DA:415,1
DA:416,1
DA:417,1
DA:418,1
DA:419,1
DA:420,1
DA:421,1
DA:422,1
DA:423,1
DA:424,1
DA:426,1
DA:427,1
DA:428,1
DA:429,1
DA:430,1
DA:431,1
DA:432,1
DA:433,1
DA:434,1
DA:435,1
DA:436,1
DA:437,1
DA:438,1
DA:439,1
DA:440,1
DA:443,1
DA:444,1
DA:445,1
DA:446,1
DA:447,1
DA:449,1
DA:450,1
DA:452,1
DA:453,1
DA:454,1
DA:455,1
DA:456,1
DA:457,1
DA:458,1
DA:459,1
DA:460,1
DA:461,1
DA:462,1
DA:466,1
DA:467,1
DA:470,1
DA:471,1
DA:472,1
DA:473,1
DA:474,1
DA:475,1
DA:477,1
DA:478,1
DA:479,1
DA:480,1
DA:481,1
DA:482,1
DA:483,1
DA:484,1
DA:485,1
DA:486,1
DA:487,1
DA:488,1
DA:489,1
DA:490,1
DA:492,1
DA:493,1
DA:494,1
DA:495,1
DA:496,1
DA:497,1
DA:498,1
DA:499,1
DA:500,1
DA:501,1
DA:502,1
DA:503,1
DA:504,1
DA:505,1
DA:507,1
DA:509,1
DA:510,1
DA:511,1
DA:512,1
DA:513,1
DA:514,1
DA:515,1
DA:516,1
DA:517,1
DA:518,1
DA:519,1
DA:523,1
DA:524,1
DA:527,1
DA:528,1
DA:529,1
DA:530,1
DA:531,1
DA:532,1
DA:534,1
DA:535,1
DA:537,1
DA:538,1
DA:539,1
DA:540,1
DA:541,1
DA:542,1
DA:543,1
DA:544,1
DA:545,1
DA:546,1
DA:547,1
DA:551,1
DA:552,1
DA:555,1
DA:556,1
DA:557,1
DA:558,1
DA:559,1
DA:560,1
DA:562,1
DA:563,1
DA:564,1
DA:565,1
DA:566,1
DA:567,1
DA:568,1
DA:569,1
DA:570,1
DA:571,1
DA:572,1
DA:573,1
DA:574,1
DA:576,1
DA:577,1
DA:578,1
DA:579,1
DA:580,1
DA:581,1
DA:582,1
DA:583,1
DA:584,1
DA:585,1
DA:586,1
DA:587,1
DA:588,1
DA:589,1
DA:591,1
DA:592,1
DA:593,1
DA:594,1
DA:595,1
DA:596,1
DA:597,1
DA:598,1
DA:599,1
DA:600,1
DA:601,1
DA:602,1
DA:603,1
DA:604,1
DA:605,1
DA:607,1
DA:608,1
DA:609,1
BRF:0
BRH:0
LF:475
LH:405
end_of_record
SF:/Users/ivan/projects/github/esp/orion-rust/crates/orion-core/src/game2048_renderer.rs
FN:461,_RNvNtNtCs20Ygd6RoaGo_10orion_core17game2048_renderer5tests10start_game
FN:482,_RNvNtNtCs20Ygd6RoaGo_10orion_core17game2048_renderer5testss_25render_playing_draws_grid
FN:639,_RNvNtNtCs20Ygd6RoaGo_10orion_core17game2048_renderer5testss_26grid_layout_varies_by_size
FN:470,_RNvNtNtCs20Ygd6RoaGo_10orion_core17game2048_renderer5testss_27render_choosing_draws_title
FN:614,_RNvNtNtCs20Ygd6RoaGo_10orion_core17game2048_renderer5testss_28tile_color_covers_all_values
FN:525,_RNvNtNtCs20Ygd6RoaGo_10orion_core17game2048_renderer5testss_30render_game_over_draws_overlay
FN:577,_RNvNtNtCs20Ygd6RoaGo_10orion_core17game2048_renderer5testss_31render_choosing_with_exit_field
FN:538,_RNvNtNtCs20Ygd6RoaGo_10orion_core17game2048_renderer5testss_35render_game_over_with_exit_selected
FN:586,_RNvNtNtCs20Ygd6RoaGo_10orion_core17game2048_renderer5testss_35render_move_delta_with_score_change
FN:631,_RNvNtNtCs20Ygd6RoaGo_10orion_core17game2048_renderer5testss_35tile_text_color_dark_for_low_values
FN:564,_RNvNtNtCs20Ygd6RoaGo_10orion_core17game2048_renderer5testss_36render_pause_menu_with_exit_selected
FN:600,_RNvNtNtCs20Ygd6RoaGo_10orion_core17game2048_renderer5testss_40render_move_delta_with_best_score_change
FN:551,_RNvNtNtCs20Ygd6RoaGo_10orion_core17game2048_renderer5testss_40render_pause_menu_with_continue_selected
FN:648,_RNvNtNtCs20Ygd6RoaGo_10orion_core17game2048_renderer5testss_41choose_aa_scale_returns_appropriate_scale
FN:493,_RNvNtNtCs20Ygd6RoaGo_10orion_core17game2048_renderer5testss_44render_move_delta_only_redraws_changed_cells
FN:164,_RINvNtCs20Ygd6RoaGo_10orion_core17game2048_renderer15render_choosingNtNtB4_6render16RecordingDisplayEB4_
FN:97,_RINvNtCs20Ygd6RoaGo_10orion_core17game2048_renderer16draw_single_tileNtNtB4_6render16RecordingDisplayEB4_
FN:307,_RINvNtCs20Ygd6RoaGo_10orion_core17game2048_renderer16render_all_tilesNtNtB4_6render16RecordingDisplayEB4_
FN:142,_RINvNtCs20Ygd6RoaGo_10orion_core17game2048_renderer17render_move_deltaNtNtB4_6render16RecordingDisplayEB4_
FN:386,_RINvNtCs20Ygd6RoaGo_10orion_core17game2048_renderer17render_pause_menuNtNtB4_6render16RecordingDisplayEB4_
FN:211,_RINvNtCs20Ygd6RoaGo_10orion_core17game2048_renderer17render_score_areaNtNtB4_6render16RecordingDisplayEB4_
FN:237,_RINvNtCs20Ygd6RoaGo_10orion_core17game2048_renderer18render_score_deltaNtNtB4_6render16RecordingDisplayEB4_
FN:289,_RINvNtCs20Ygd6RoaGo_10orion_core17game2048_renderer22render_grid_backgroundNtNtB4_6render16RecordingDisplayEB4_
FN:318,_RINvNtCs20Ygd6RoaGo_10orion_core17game2048_renderer24render_game_over_overlayNtNtB4_6render16RecordingDisplayEB4_
FN:131,_RINvNtCs20Ygd6RoaGo_10orion_core17game2048_renderer6renderNtNtB4_6render16RecordingDisplayEB4_
FN:38,_RNvNtCs20Ygd6RoaGo_10orion_core17game2048_renderer10tile_color
FN:64,_RNvNtCs20Ygd6RoaGo_10orion_core17game2048_renderer11grid_layout
FN:82,_RNvNtCs20Ygd6RoaGo_10orion_core17game2048_renderer15choose_aa_scale
FN:56,_RNvNtCs20Ygd6RoaGo_10orion_core17game2048_renderer15tile_text_color
FNDA:2,_RNvNtNtCs20Ygd6RoaGo_10orion_core17game2048_renderer5tests10start_game
FNDA:1,_RNvNtNtCs20Ygd6RoaGo_10orion_core17game2048_renderer5testss_25render_playing_draws_grid
FNDA:1,_RNvNtNtCs20Ygd6RoaGo_10orion_core17game2048_renderer5testss_26grid_layout_varies_by_size
FNDA:1,_RNvNtNtCs20Ygd6RoaGo_10orion_core17game2048_renderer5testss_27render_choosing_draws_title
FNDA:1,_RNvNtNtCs20Ygd6RoaGo_10orion_core17game2048_renderer5testss_28tile_color_covers_all_values
FNDA:1,_RNvNtNtCs20Ygd6RoaGo_10orion_core17game2048_renderer5testss_30render_game_over_draws_overlay
FNDA:1,_RNvNtNtCs20Ygd6RoaGo_10orion_core17game2048_renderer5testss_31render_choosing_with_exit_field
FNDA:1,_RNvNtNtCs20Ygd6RoaGo_10orion_core17game2048_renderer5testss_35render_game_over_with_exit_selected
FNDA:1,_RNvNtNtCs20Ygd6RoaGo_10orion_core17game2048_renderer5testss_35render_move_delta_with_score_change
FNDA:1,_RNvNtNtCs20Ygd6RoaGo_10orion_core17game2048_renderer5testss_35tile_text_color_dark_for_low_values
FNDA:1,_RNvNtNtCs20Ygd6RoaGo_10orion_core17game2048_renderer5testss_36render_pause_menu_with_exit_selected
FNDA:1,_RNvNtNtCs20Ygd6RoaGo_10orion_core17game2048_renderer5testss_40render_move_delta_with_best_score_change
FNDA:1,_RNvNtNtCs20Ygd6RoaGo_10orion_core17game2048_renderer5testss_40render_pause_menu_with_continue_selected
FNDA:1,_RNvNtNtCs20Ygd6RoaGo_10orion_core17game2048_renderer5testss_41choose_aa_scale_returns_appropriate_scale
FNDA:1,_RNvNtNtCs20Ygd6RoaGo_10orion_core17game2048_renderer5testss_44render_move_delta_only_redraws_changed_cells
FNDA:2,_RINvNtCs20Ygd6RoaGo_10orion_core17game2048_renderer15render_choosingNtNtB4_6render16RecordingDisplayEB4_
FNDA:31,_RINvNtCs20Ygd6RoaGo_10orion_core17game2048_renderer16draw_single_tileNtNtB4_6render16RecordingDisplayEB4_
FNDA:4,_RINvNtCs20Ygd6RoaGo_10orion_core17game2048_renderer16render_all_tilesNtNtB4_6render16RecordingDisplayEB4_
FNDA:6,_RINvNtCs20Ygd6RoaGo_10orion_core17game2048_renderer17render_move_deltaNtNtB4_6render16RecordingDisplayEB4_
FNDA:2,_RINvNtCs20Ygd6RoaGo_10orion_core17game2048_renderer17render_pause_menuNtNtB4_6render16RecordingDisplayEB4_
FNDA:6,_RINvNtCs20Ygd6RoaGo_10orion_core17game2048_renderer17render_score_areaNtNtB4_6render16RecordingDisplayEB4_
FNDA:6,_RINvNtCs20Ygd6RoaGo_10orion_core17game2048_renderer18render_score_deltaNtNtB4_6render16RecordingDisplayEB4_
FNDA:4,_RINvNtCs20Ygd6RoaGo_10orion_core17game2048_renderer22render_grid_backgroundNtNtB4_6render16RecordingDisplayEB4_
FNDA:2,_RINvNtCs20Ygd6RoaGo_10orion_core17game2048_renderer24render_game_over_overlayNtNtB4_6render16RecordingDisplayEB4_
FNDA:4,_RINvNtCs20Ygd6RoaGo_10orion_core17game2048_renderer6renderNtNtB4_6render16RecordingDisplayEB4_
FNDA:67,_RNvNtCs20Ygd6RoaGo_10orion_core17game2048_renderer10tile_color
FNDA:40,_RNvNtCs20Ygd6RoaGo_10orion_core17game2048_renderer11grid_layout
FNDA:29,_RNvNtCs20Ygd6RoaGo_10orion_core17game2048_renderer15choose_aa_scale
FNDA:27,_RNvNtCs20Ygd6RoaGo_10orion_core17game2048_renderer15tile_text_color
FNF:29
FNH:29
DA:38,67
DA:39,67
DA:40,9
DA:41,45
DA:42,3
DA:43,1
DA:44,1
DA:45,1
DA:46,1
DA:47,1
DA:48,1
DA:49,1
DA:50,1
DA:51,1
DA:52,1
DA:54,67
DA:56,27
DA:57,27
DA:58,25
DA:60,2
DA:62,27
DA:64,40
DA:65,40
DA:66,40
DA:67,40
DA:69,40
DA:70,40
DA:71,40
DA:73,40
DA:74,40
DA:76,40
DA:77,40
DA:79,40
DA:80,40
DA:82,29
DA:83,29
DA:84,1
DA:85,28
DA:86,28
DA:87,28
DA:88,34
DA:89,34
DA:90,34
DA:91,27
DA:92,7
DA:94,1
DA:95,29
DA:97,31
DA:98,31
DA:99,31
DA:101,31
DA:102,31
DA:103,31
DA:105,31
DA:107,31
DA:108,23
DA:109,23
DA:110,23
DA:111,23
DA:112,23
DA:113,23
DA:114,23
DA:115,23
DA:116,23
DA:117,23
DA:118,23
DA:119,23
DA:120,23
DA:121,23
DA:122,23
DA:123,23
DA:124,23
DA:125,23
DA:126,0
DA:127,0
DA:128,8
DA:129,31
DA:131,4
DA:132,4
DA:133,4
DA:134,4
DA:135,4
DA:136,4
DA:137,2
DA:138,2
DA:139,4
DA:140,4
DA:142,6
DA:143,6
DA:144,6
DA:145,6
DA:146,6
DA:147,6
DA:148,6
DA:149,6
DA:151,6
DA:152,24
DA:153,96
DA:154,96
DA:155,96
DA:156,22
DA:157,74
DA:161,6
DA:162,6
DA:164,2
DA:165,2
DA:167,2
DA:169,2
DA:170,2
DA:174,2
DA:175,2
DA:176,2
DA:179,2
DA:180,2
DA:181,2
DA:182,2
DA:186,2
DA:191,2
DA:192,2
DA:196,2
DA:197,2
DA:198,2
DA:201,2
DA:202,1
DA:203,1
DA:204,1
DA:205,1
DA:206,1
DA:208,2
DA:209,2
DA:211,6
DA:212,6
DA:214,6
DA:215,6
DA:216,6
DA:217,6
DA:220,6
DA:225,6
DA:226,6
DA:227,6
DA:228,6
DA:231,6
DA:235,6
DA:237,6
DA:238,6
DA:239,6
DA:240,6
DA:241,6
DA:242,6
DA:243,6
DA:244,6
DA:246,6
DA:247,1
DA:248,1
DA:249,1
DA:250,1
DA:251,1
DA:252,1
DA:253,1
DA:254,1
DA:255,1
DA:256,1
DA:257,1
DA:258,1
DA:259,1
DA:260,1
DA:261,1
DA:262,1
DA:263,1
DA:264,1
DA:265,5
DA:267,6
DA:268,0
DA:269,0
DA:270,0
DA:271,0
DA:272,0
DA:273,0
DA:274,0
DA:275,0
DA:276,0
DA:277,0
DA:278,0
DA:279,0
DA:280,0
DA:281,0
DA:282,0
DA:283,0
DA:284,0
DA:285,0
DA:286,6
DA:287,6
DA:289,4
DA:290,4
DA:291,4
DA:292,4
DA:294,4
DA:295,4
DA:296,4
DA:298,16
DA:299,64
DA:300,64
DA:301,64
DA:302,64
DA:303,64
DA:305,4
DA:307,4
DA:308,4
DA:309,16
DA:310,64
DA:311,64
DA:312,9
DA:313,55
DA:316,4
DA:318,2
DA:319,2
DA:320,2
DA:321,2
DA:322,2
DA:324,2
DA:326,2
DA:328,2
DA:330,2
DA:331,2
DA:332,2
DA:333,2
DA:334,2
DA:335,2
DA:336,2
DA:337,2
DA:342,2
DA:343,2
DA:344,2
DA:345,2
DA:346,2
DA:347,2
DA:348,2
DA:350,2
DA:352,2
DA:353,1
DA:354,1
DA:355,2
DA:356,2
DA:357,2
DA:358,2
DA:359,2
DA:360,2
DA:364,2
DA:365,2
DA:366,2
DA:367,2
DA:368,2
DA:369,2
DA:371,2
DA:373,2
DA:374,1
DA:375,1
DA:376,2
DA:377,2
DA:378,2
DA:379,2
DA:380,2
DA:381,2
DA:384,2
DA:386,2
DA:387,2
DA:388,2
DA:390,2
DA:391,2
DA:393,2
DA:394,2
DA:395,2
DA:397,2
DA:399,2
DA:400,2
DA:401,1
DA:403,1
DA:406,2
DA:407,1
DA:408,1
DA:409,2
DA:410,2
DA:412,2
DA:413,2
DA:414,2
DA:415,1
DA:417,1
DA:422,2
DA:423,2
DA:424,2
DA:426,2
DA:428,2
DA:429,2
DA:430,1
DA:432,1
DA:435,2
DA:436,1
DA:437,1
DA:438,2
DA:439,2
DA:441,2
DA:442,2
DA:443,2
DA:444,1
DA:446,1
DA:451,2
DA:452,2
DA:461,2
DA:462,2
DA:463,2
DA:464,2
DA:465,2
DA:466,2
DA:467,2
DA:470,1
DA:471,1
DA:472,1
DA:473,1
DA:474,1
DA:475,1
DA:476,1
DA:479,1
DA:482,1
DA:483,1
DA:484,1
DA:485,1
DA:486,1
DA:487,1
DA:488,1
DA:489,1
DA:490,1
DA:493,1
DA:494,1
DA:495,1
DA:496,1
DA:497,1
DA:499,1
DA:500,1
DA:501,1
DA:503,1
DA:504,1
DA:505,1
DA:507,1
DA:508,1
DA:510,1
DA:511,1
DA:512,1
DA:516,1
DA:517,1
DA:518,1
DA:519,1
DA:521,1
DA:522,1
DA:525,1
DA:526,1
DA:527,1
DA:528,1
DA:529,1
DA:530,1
DA:531,1
DA:532,1
DA:533,1
DA:534,1
DA:535,1
DA:538,1
DA:539,1
DA:540,1
DA:541,1
DA:542,1
DA:543,1
DA:544,1
DA:545,1
DA:546,1
DA:547,1
DA:548,1
DA:551,1
[...]
FN:178,_RINvMNtCs20Ygd6RoaGo_10orion_core18tetris_applicationNtB3_17TetrisApplication19handle_paused_inputNtNtB5_3rng11ScriptedRngEB5_
FN:128,_RINvMNtCs20Ygd6RoaGo_10orion_core18tetris_applicationNtB3_17TetrisApplication20handle_playing_inputNtNtB5_6render16RecordingDisplayNtNtB5_3rng11ScriptedRngEB5_
FN:98,_RINvMNtCs20Ygd6RoaGo_10orion_core18tetris_applicationNtB3_17TetrisApplication21handle_choosing_inputNtNtB5_3rng11ScriptedRngEB5_
FN:35,_RINvMNtCs20Ygd6RoaGo_10orion_core18tetris_applicationNtB3_17TetrisApplication6updateNtNtB5_6render16RecordingDisplayNtNtB5_3rng11ScriptedRngEB5_
FNDA:4,_RNvNtNtCs20Ygd6RoaGo_10orion_core18tetris_application5tests40assert_delta_rendered_without_full_clear
FNDA:1,_RNvNtNtCs20Ygd6RoaGo_10orion_core18tetris_application5testss_26gravity_tick_renders_delta
FNDA:1,_RNvNtNtCs20Ygd6RoaGo_10orion_core18tetris_application5testss_27joystick_moves_active_piece
FNDA:1,_RNvNtNtCs20Ygd6RoaGo_10orion_core18tetris_application5testss_30long_switch_pauses_during_play
FNDA:1,_RNvNtNtCs20Ygd6RoaGo_10orion_core18tetris_application5testss_30pause_exit_returns_to_launcher
FNDA:1,_RNvNtNtCs20Ygd6RoaGo_10orion_core18tetris_application5testss_32encoder_moves_piece_horizontally
FNDA:1,_RNvNtNtCs20Ygd6RoaGo_10orion_core18tetris_application5testss_32switch_starts_game_from_choosing
FNDA:1,_RNvNtNtCs20Ygd6RoaGo_10orion_core18tetris_application5testss_38short_switch_rotates_piece_during_play
FNDA:58,_RNCNvNtNtCs20Ygd6RoaGo_10orion_core18tetris_application5tests40assert_delta_rendered_without_full_clear0B7_
FNDA:1,_RNvMNtCs20Ygd6RoaGo_10orion_core18tetris_applicationNtB2_17TetrisApplication16accept_direction
FNDA:7,_RNvMNtCs20Ygd6RoaGo_10orion_core18tetris_applicationNtB2_17TetrisApplication3new
FNDA:7,_RNvMNtCs20Ygd6RoaGo_10orion_core18tetris_applicationNtB2_17TetrisApplication4game
FNDA:7,_RNvMNtCs20Ygd6RoaGo_10orion_core18tetris_applicationNtB2_17TetrisApplication5enter
FNDA:4,_RNvMs0_NtCs20Ygd6RoaGo_10orion_core18tetris_applicationNtB5_17TetrisRenderState7capture
FNDA:0,_RINvMNtCs20Ygd6RoaGo_10orion_core18tetris_applicationNtB3_17TetrisApplication11render_fullpEB5_
FNDA:0,_RNvMNtCs20Ygd6RoaGo_10orion_core18tetris_applicationNtB2_17TetrisApplication5title
FNDA:0,_RNvXs_NtCs20Ygd6RoaGo_10orion_core18tetris_applicationNtB4_17TetrisApplicationNtNtCs6sq8b9ugfBC_4core7default7Default7default
FNDA:15,_RINvMNtCs20Ygd6RoaGo_10orion_core18tetris_applicationNtB3_17TetrisApplication12handle_inputNtNtB5_6render16RecordingDisplayNtNtB5_3rng11ScriptedRngEB5_
FNDA:4,_RINvMNtCs20Ygd6RoaGo_10orion_core18tetris_applicationNtB3_17TetrisApplication12render_deltaNtNtB5_6render16RecordingDisplayEB5_
FNDA:2,_RINvMNtCs20Ygd6RoaGo_10orion_core18tetris_applicationNtB3_17TetrisApplication19handle_paused_inputNtNtB5_3rng11ScriptedRngEB5_
FNDA:6,_RINvMNtCs20Ygd6RoaGo_10orion_core18tetris_applicationNtB3_17TetrisApplication20handle_playing_inputNtNtB5_6render16RecordingDisplayNtNtB5_3rng11ScriptedRngEB5_
FNDA:7,_RINvMNtCs20Ygd6RoaGo_10orion_core18tetris_applicationNtB3_17TetrisApplication21handle_choosing_inputNtNtB5_3rng11ScriptedRngEB5_
FNDA:15,_RINvMNtCs20Ygd6RoaGo_10orion_core18tetris_applicationNtB3_17TetrisApplication6updateNtNtB5_6render16RecordingDisplayNtNtB5_3rng11ScriptedRngEB5_
FNF:23
FNH:20
DA:19,7
DA:20,7
DA:21,7
DA:22,7
DA:23,7
DA:24,7
DA:26,0
DA:27,0
DA:28,0
DA:30,7
DA:31,7
DA:32,7
DA:33,7
DA:35,15
DA:36,15
DA:37,15
DA:38,15
DA:39,15
DA:40,15
DA:41,15
DA:42,15
DA:43,15
DA:44,1
DA:45,14
DA:47,14
DA:48,1
DA:49,1
DA:50,1
DA:51,1
DA:52,1
DA:53,1
DA:54,1
DA:55,0
DA:56,0
DA:57,13
DA:59,14
DA:60,15
DA:62,0
DA:63,0
DA:64,0
DA:66,0
DA:68,0
DA:70,0
DA:72,7
DA:73,7
DA:74,7
DA:76,15
DA:77,15
DA:78,15
DA:79,15
DA:80,15
DA:81,15
DA:82,15
DA:83,15
DA:84,7
DA:86,0
DA:87,0
DA:88,0
DA:90,0
DA:93,6
DA:94,2
DA:96,15
DA:98,7
DA:99,7
DA:100,7
DA:101,7
DA:102,7
DA:103,7
DA:104,7
DA:105,0
DA:106,0
DA:107,7
DA:108,7
DA:109,0
DA:110,0
DA:114,0
DA:115,0
DA:116,7
DA:117,7
DA:118,7
DA:119,0
DA:120,0
DA:121,7
DA:122,7
DA:123,7
DA:124,0
DA:125,0
DA:126,7
DA:128,6
DA:129,6
DA:130,6
DA:131,6
DA:132,6
DA:133,6
DA:134,6
DA:135,6
DA:136,2
DA:137,2
DA:138,4
DA:140,4
DA:141,1
DA:142,1
DA:143,1
DA:144,1
DA:145,0
DA:146,3
DA:148,3
DA:149,1
DA:150,0
DA:152,1
DA:154,1
DA:155,1
DA:156,1
DA:157,1
DA:158,0
DA:159,2
DA:161,2
DA:162,2
DA:163,2
DA:164,2
DA:166,1
DA:167,1
DA:168,1
DA:169,1
DA:170,1
DA:171,0
DA:172,0
DA:173,1
DA:175,1
DA:176,6
DA:178,2
DA:179,2
DA:180,2
DA:181,2
DA:182,2
DA:183,2
DA:184,2
DA:185,1
DA:186,1
DA:187,1
DA:189,1
DA:190,0
DA:191,0
DA:192,0
DA:196,0
DA:197,0
DA:198,1
DA:200,1
DA:201,1
DA:202,1
DA:203,1
DA:204,0
DA:205,0
DA:206,0
DA:207,0
DA:209,0
DA:210,2
DA:212,1
DA:213,1
DA:214,0
DA:216,1
DA:218,1
DA:219,0
DA:220,1
DA:221,1
DA:222,1
DA:223,1
DA:225,4
DA:226,4
DA:227,4
DA:228,4
DA:229,4
DA:230,4
DA:231,4
DA:232,4
DA:233,4
DA:235,4
DA:239,0
DA:240,0
DA:241,0
DA:254,4
DA:255,4
DA:256,4
DA:257,4
DA:258,4
DA:259,4
DA:260,4
DA:261,4
DA:262,4
DA:273,1
DA:274,1
DA:275,1
DA:276,1
DA:277,1
DA:279,1
DA:280,1
DA:281,1
DA:282,1
DA:283,1
DA:284,1
DA:285,1
DA:286,1
DA:287,1
DA:288,1
DA:292,1
DA:293,1
DA:294,1
DA:297,1
DA:298,1
DA:299,1
DA:300,1
DA:301,1
DA:302,1
DA:303,1
DA:304,1
DA:305,1
DA:306,1
DA:307,1
DA:308,1
DA:309,1
DA:310,1
DA:311,1
DA:312,1
DA:313,1
DA:314,1
DA:316,1
DA:317,1
DA:318,1
DA:319,1
DA:320,1
DA:321,1
DA:322,1
DA:323,1
DA:324,1
DA:325,1
DA:326,1
DA:330,1
DA:331,1
DA:332,1
DA:333,1
DA:336,1
DA:337,1
DA:338,1
DA:339,1
DA:340,1
DA:341,1
DA:342,1
DA:343,1
DA:344,1
DA:345,1
DA:346,1
DA:347,1
DA:348,1
DA:349,1
DA:350,1
DA:351,1
DA:352,1
DA:353,1
DA:355,1
DA:356,1
DA:357,1
DA:358,1
DA:359,1
DA:360,1
DA:361,1
DA:362,1
DA:363,1
DA:364,1
DA:368,1
DA:369,1
DA:370,1
DA:371,1
DA:374,1
DA:375,1
DA:376,1
DA:377,1
DA:378,1
DA:379,1
DA:380,1
DA:381,1
DA:382,1
DA:383,1
DA:384,1
DA:385,1
DA:386,1
DA:387,1
DA:388,1
DA:389,1
DA:390,1
DA:391,1
DA:393,1
DA:395,1
DA:396,1
DA:397,1
DA:398,1
DA:401,1
DA:402,1
DA:403,1
DA:404,1
DA:405,1
DA:406,1
DA:407,1
DA:408,1
DA:409,1
DA:410,1
DA:411,1
DA:412,1
DA:413,1
DA:414,1
DA:415,1
DA:416,1
DA:417,1
DA:418,1
DA:419,1
DA:420,1
DA:421,1
DA:422,1
DA:423,1
DA:424,1
DA:425,1
DA:426,1
DA:427,1
DA:428,1
DA:429,1
DA:430,1
DA:431,1
DA:432,1
DA:433,1
DA:434,1
DA:435,1
DA:436,1
DA:437,1
DA:438,1
DA:439,1
DA:440,1
DA:441,1
DA:443,1
DA:444,1
DA:445,1
DA:446,1
DA:447,1
DA:448,1
DA:449,1
DA:450,1
DA:451,1
DA:452,1
DA:456,1
DA:457,1
DA:460,1
DA:461,1
DA:462,1
DA:463,1
DA:464,1
DA:465,1
DA:466,1
DA:467,1
DA:468,1
DA:469,1
DA:470,1
DA:471,1
DA:472,1
DA:473,1
DA:474,1
DA:475,1
DA:476,1
DA:477,1
DA:479,1
DA:480,1
DA:481,1
DA:482,1
DA:483,1
DA:484,1
DA:485,1
DA:486,1
DA:487,1
DA:488,1
DA:492,1
DA:493,1
DA:494,1
DA:495,1
DA:496,1
DA:499,1
DA:500,1
DA:501,1
DA:502,1
DA:503,1
DA:504,1
DA:505,1
DA:506,1
DA:507,1
DA:508,1
DA:509,1
DA:510,1
DA:511,1
DA:512,1
DA:513,1
DA:514,1
DA:515,1
DA:517,1
DA:518,1
DA:519,1
DA:520,1
DA:521,1
DA:522,1
DA:523,1
DA:524,1
DA:525,1
DA:526,1
DA:530,1
DA:531,1
DA:532,1
DA:534,4
DA:535,4
DA:536,4
DA:537,58
DA:548,4
DA:549,4
DA:552,4
BRF:0
BRH:0
LF:418
LH:373
end_of_record
SF:/Users/ivan/projects/github/esp/orion-rust/crates/orion-core/src/tetris_renderer.rs
FN:444,_RNCNvNtNtCs20Ygd6RoaGo_10orion_core15tetris_renderer5testss_41render_play_delta_skips_full_screen_clear0B7_
FN:408,_RNCNvNtNtCs20Ygd6RoaGo_10orion_core15tetris_renderer5testss_42render_playing_draws_rotated_portrait_well0B7_
FN:310,_RNvNtCs20Ygd6RoaGo_10orion_core15tetris_renderer11piece_color
FN:299,_RNvNtCs20Ygd6RoaGo_10orion_core15tetris_renderer13occupied_cell
FN:352,_RNvNtCs20Ygd6RoaGo_10orion_core15tetris_renderer21rotate_rect_clockwise
FN:188,_RINvNtCs20Ygd6RoaGo_10orion_core15tetris_renderer10draw_linesINtB2_16RotatedClockwiseNtNtB4_6render16RecordingDisplayEEB4_
FN:182,_RINvNtCs20Ygd6RoaGo_10orion_core15tetris_renderer10draw_scoreINtB2_16RotatedClockwiseNtNtB4_6render16RecordingDisplayEEB4_
FN:154,_RINvNtCs20Ygd6RoaGo_10orion_core15tetris_renderer10render_hudINtB2_16RotatedClockwiseNtNtB4_6render16RecordingDisplayEEB4_
FN:203,_RINvNtCs20Ygd6RoaGo_10orion_core15tetris_renderer11render_wellINtB2_16RotatedClockwiseNtNtB4_6render16RecordingDisplayEEB4_
FN:323,_RINvNtCs20Ygd6RoaGo_10orion_core15tetris_renderer14clear_portraitINtB2_16RotatedClockwiseNtNtB4_6render16RecordingDisplayEEB4_
FN:229,_RINvNtCs20Ygd6RoaGo_10orion_core15tetris_renderer15draw_empty_cellINtB2_16RotatedClockwiseNtNtB4_6render16RecordingDisplayEEB4_
FN:252,_RINvNtCs20Ygd6RoaGo_10orion_core15tetris_renderer15draw_next_pieceINtB2_16RotatedClockwiseNtNtB4_6render16RecordingDisplayEEB4_
FN:32,_RINvNtCs20Ygd6RoaGo_10orion_core15tetris_renderer15render_choosingNtNtB4_6render16RecordingDisplayEB4_
FN:161,_RINvNtCs20Ygd6RoaGo_10orion_core15tetris_renderer16render_hud_deltaINtB2_16RotatedClockwiseNtNtB4_6render16RecordingDisplayEEB4_
FN:126,_RINvNtCs20Ygd6RoaGo_10orion_core15tetris_renderer17render_pause_menuNtNtB4_6render16RecordingDisplayEB4_
FN:95,_RINvNtCs20Ygd6RoaGo_10orion_core15tetris_renderer17render_play_deltaNtNtB4_6render16RecordingDisplayEB4_
FN:221,_RINvNtCs20Ygd6RoaGo_10orion_core15tetris_renderer19draw_board_positionINtB2_16RotatedClockwiseNtNtB4_6render16RecordingDisplayEEB4_
FN:268,_RINvNtCs20Ygd6RoaGo_10orion_core15tetris_renderer24render_game_over_overlayINtB2_16RotatedClockwiseNtNtB4_6render16RecordingDisplayEEB4_
FN:84,_RINvNtCs20Ygd6RoaGo_10orion_core15tetris_renderer6renderNtNtB4_6render16RecordingDisplayEB4_
FN:237,_RINvNtCs20Ygd6RoaGo_10orion_core15tetris_renderer9draw_cellINtB2_16RotatedClockwiseNtNtB4_6render16RecordingDisplayEEB4_
FN:198,_RINvNtCs20Ygd6RoaGo_10orion_core15tetris_renderer9draw_nextINtB2_16RotatedClockwiseNtNtB4_6render16RecordingDisplayEEB4_
FN:332,_RNvMNtCs20Ygd6RoaGo_10orion_core15tetris_rendererINtB2_16RotatedClockwiseNtNtB4_6render16RecordingDisplayE3newB4_
FN:338,_RNvXs_NtCs20Ygd6RoaGo_10orion_core15tetris_rendererINtB4_16RotatedClockwiseNtNtB6_6render16RecordingDisplayENtB1d_11DisplaySink4pushB6_
FN:462,_RNvNtNtCs20Ygd6RoaGo_10orion_core15tetris_renderer5testss_31render_pause_menu_draws_options
FN:421,_RNvNtNtCs20Ygd6RoaGo_10orion_core15tetris_renderer5testss_41render_play_delta_skips_full_screen_clear
FN:368,_RNvNtNtCs20Ygd6RoaGo_10orion_core15tetris_renderer5testss_42render_choosing_draws_rotated_start_screen
FN:393,_RNvNtNtCs20Ygd6RoaGo_10orion_core15tetris_renderer5testss_42render_playing_draws_rotated_portrait_well
FNDA:59,_RNCNvNtNtCs20Ygd6RoaGo_10orion_core15tetris_renderer5testss_41render_play_delta_skips_full_screen_clear0B7_
FNDA:281,_RNCNvNtNtCs20Ygd6RoaGo_10orion_core15tetris_renderer5testss_42render_playing_draws_rotated_portrait_well0B7_
FNDA:29,_RNvNtCs20Ygd6RoaGo_10orion_core15tetris_renderer11piece_color
FNDA:1000,_RNvNtCs20Ygd6RoaGo_10orion_core15tetris_renderer13occupied_cell
FNDA:2946,_RNvNtCs20Ygd6RoaGo_10orion_core15tetris_renderer21rotate_rect_clockwise
FNDA:2,_RINvNtCs20Ygd6RoaGo_10orion_core15tetris_renderer10draw_linesINtB2_16RotatedClockwiseNtNtB4_6render16RecordingDisplayEEB4_
FNDA:3,_RINvNtCs20Ygd6RoaGo_10orion_core15tetris_renderer10draw_scoreINtB2_16RotatedClockwiseNtNtB4_6render16RecordingDisplayEEB4_
FNDA:2,_RINvNtCs20Ygd6RoaGo_10orion_core15tetris_renderer10render_hudINtB2_16RotatedClockwiseNtNtB4_6render16RecordingDisplayEEB4_
FNDA:2,_RINvNtCs20Ygd6RoaGo_10orion_core15tetris_renderer11render_wellINtB2_16RotatedClockwiseNtNtB4_6render16RecordingDisplayEEB4_
FNDA:3,_RINvNtCs20Ygd6RoaGo_10orion_core15tetris_renderer14clear_portraitINtB2_16RotatedClockwiseNtNtB4_6render16RecordingDisplayEEB4_
FNDA:405,_RINvNtCs20Ygd6RoaGo_10orion_core15tetris_renderer15draw_empty_cellINtB2_16RotatedClockwiseNtNtB4_6render16RecordingDisplayEEB4_
FNDA:2,_RINvNtCs20Ygd6RoaGo_10orion_core15tetris_renderer15draw_next_pieceINtB2_16RotatedClockwiseNtNtB4_6render16RecordingDisplayEEB4_
FNDA:1,_RINvNtCs20Ygd6RoaGo_10orion_core15tetris_renderer15render_choosingNtNtB4_6render16RecordingDisplayEB4_
FNDA:5,_RINvNtCs20Ygd6RoaGo_10orion_core15tetris_renderer16render_hud_deltaINtB2_16RotatedClockwiseNtNtB4_6render16RecordingDisplayEEB4_
FNDA:1,_RINvNtCs20Ygd6RoaGo_10orion_core15tetris_renderer17render_pause_menuNtNtB4_6render16RecordingDisplayEB4_
FNDA:5,_RINvNtCs20Ygd6RoaGo_10orion_core15tetris_renderer17render_play_deltaNtNtB4_6render16RecordingDisplayEB4_
FNDA:426,_RINvNtCs20Ygd6RoaGo_10orion_core15tetris_renderer19draw_board_positionINtB2_16RotatedClockwiseNtNtB4_6render16RecordingDisplayEEB4_
FNDA:0,_RINvNtCs20Ygd6RoaGo_10orion_core15tetris_renderer24render_game_over_overlayINtB2_16RotatedClockwiseNtNtB4_6render16RecordingDisplayEEB4_
FNDA:1,_RINvNtCs20Ygd6RoaGo_10orion_core15tetris_renderer6renderNtNtB4_6render16RecordingDisplayEB4_
FNDA:21,_RINvNtCs20Ygd6RoaGo_10orion_core15tetris_renderer9draw_cellINtB2_16RotatedClockwiseNtNtB4_6render16RecordingDisplayEEB4_
FNDA:2,_RINvNtCs20Ygd6RoaGo_10orion_core15tetris_renderer9draw_nextINtB2_16RotatedClockwiseNtNtB4_6render16RecordingDisplayEEB4_
FNDA:8,_RNvMNtCs20Ygd6RoaGo_10orion_core15tetris_rendererINtB2_16RotatedClockwiseNtNtB4_6render16RecordingDisplayE3newB4_
FNDA:2953,_RNvXs_NtCs20Ygd6RoaGo_10orion_core15tetris_rendererINtB4_16RotatedClockwiseNtNtB6_6render16RecordingDisplayENtB1d_11DisplaySink4pushB6_
FNDA:1,_RNvNtNtCs20Ygd6RoaGo_10orion_core15tetris_renderer5testss_31render_pause_menu_draws_options
FNDA:1,_RNvNtNtCs20Ygd6RoaGo_10orion_core15tetris_renderer5testss_41render_play_delta_skips_full_screen_clear
FNDA:1,_RNvNtNtCs20Ygd6RoaGo_10orion_core15tetris_renderer5testss_42render_choosing_draws_rotated_start_screen
FNDA:1,_RNvNtNtCs20Ygd6RoaGo_10orion_core15tetris_renderer5testss_42render_playing_draws_rotated_portrait_well
FNF:27
FNH:26
DA:32,1
DA:33,1
DA:34,1
DA:35,1
DA:36,1
DA:37,1
DA:41,1
DA:45,1
DA:46,1
DA:50,1
DA:51,1
DA:52,1
DA:54,1
DA:55,1
DA:59,1
DA:60,1
DA:61,1
DA:63,1
DA:64,1
DA:68,1
DA:72,1
DA:73,1
DA:77,1
DA:81,1
DA:82,1
DA:84,1
DA:85,1
DA:86,1
DA:87,1
DA:88,1
DA:89,1
DA:90,0
DA:91,1
DA:92,1
DA:93,1
DA:95,5
DA:96,5
DA:97,5
DA:98,5
DA:99,5
DA:100,5
DA:101,5
DA:102,5
DA:103,5
DA:104,5
DA:105,5
DA:106,5
DA:107,5
DA:108,5
DA:109,5
DA:110,5
DA:113,100
DA:114,1000
DA:115,1000
DA:116,1000
DA:117,1000
DA:118,26
DA:119,974
DA:123,5
DA:124,5
DA:126,1
DA:127,1
DA:128,1
DA:129,1
DA:130,1
DA:131,1
DA:132,1
DA:133,1
DA:134,1
DA:138,1
DA:139,1
DA:140,1
DA:142,1
DA:143,1
DA:147,1
DA:148,1
DA:149,1
DA:151,1
DA:152,1
DA:154,2
DA:155,2
DA:156,2
DA:157,2
DA:158,2
DA:159,2
DA:161,5
DA:162,5
DA:163,5
DA:164,5
DA:165,5
DA:166,5
DA:167,5
DA:168,5
DA:169,1
DA:170,1
DA:171,4
DA:172,5
DA:173,0
DA:174,0
DA:175,5
DA:176,5
DA:177,0
DA:178,0
DA:179,5
DA:180,5
DA:182,3
DA:183,3
DA:184,3
DA:185,3
DA:186,3
DA:188,2
DA:189,2
DA:190,2
DA:191,2
DA:193,2
DA:194,2
DA:195,2
DA:196,2
DA:198,2
DA:199,2
DA:200,2
DA:201,2
DA:203,2
DA:204,2
DA:205,2
DA:206,2
DA:207,2
DA:208,2
DA:209,2
DA:212,2
DA:214,40
DA:215,400
DA:216,400
DA:217,400
DA:219,2
DA:221,426
DA:222,426
DA:223,405
DA:224,405
DA:225,21
DA:226,21
DA:227,426
DA:229,405
DA:230,405
DA:231,405
DA:232,405
DA:233,405
DA:234,405
DA:235,405
DA:237,21
DA:238,21
DA:239,21
DA:240,21
DA:241,21
DA:242,21
DA:243,21
DA:244,21
DA:245,21
DA:246,21
DA:247,21
DA:249,21
DA:250,21
DA:252,2
DA:253,2
DA:254,8
DA:255,8
DA:256,8
DA:257,8
DA:258,8
DA:259,8
DA:260,8
DA:261,8
DA:262,8
DA:263,8
DA:264,8
DA:265,8
DA:266,2
DA:268,0
DA:269,0
DA:270,0
DA:271,0
DA:272,0
DA:273,0
DA:277,0
DA:278,0
DA:279,0
DA:280,0
DA:281,0
DA:282,0
DA:286,0
DA:287,0
DA:288,0
DA:289,0
DA:290,0
DA:291,0
DA:292,0
DA:293,0
DA:297,0
DA:299,1000
DA:300,1000
DA:301,1000
DA:302,3970
DA:303,3970
DA:304,20
DA:305,3950
DA:307,980
DA:308,1000
DA:310,29
DA:311,29
DA:312,15
DA:313,14
DA:314,0
DA:315,0
DA:316,0
DA:317,0
DA:318,0
DA:319,0
DA:321,29
DA:323,3
DA:324,3
DA:325,3
DA:332,8
DA:333,8
DA:334,8
DA:338,2953
DA:339,2953
DA:340,2945
DA:341,2945
DA:342,2945
DA:343,2945
DA:344,2945
DA:345,2945
DA:346,8
DA:347,0
DA:349,2953
DA:352,2946
DA:353,2946
DA:354,2946
DA:355,2946
DA:356,2946
DA:357,2946
DA:358,2946
DA:359,2946
DA:368,1
DA:369,1
DA:370,1
DA:372,1
DA:374,1
DA:375,1
DA:386,1
DA:387,1
DA:390,1
DA:393,1
DA:394,1
DA:395,1
DA:396,1
DA:397,1
DA:399,1
DA:401,1
DA:402,1
DA:403,1
DA:404,1
DA:405,1
DA:406,1
DA:407,1
DA:408,281
DA:410,281
DA:412,281
DA:414,1
DA:415,1
DA:418,1
DA:421,1
DA:422,1
DA:423,1
DA:424,1
DA:425,1
DA:426,1
DA:427,1
DA:428,1
DA:429,1
DA:430,1
DA:432,1
DA:433,1
DA:434,1
DA:435,1
DA:436,1
DA:437,1
DA:438,1
DA:439,1
DA:440,1
DA:443,1
DA:444,59
DA:455,1
DA:456,1
DA:459,1
DA:462,1
DA:463,1
DA:464,1
DA:465,1
DA:466,1
DA:467,1
DA:469,1
DA:471,1
DA:472,1
DA:473,1
DA:476,1
BRF:0
BRH:0
LF:306
LH:273
end_of_record
SF:/Users/ivan/projects/github/esp/orion-rust/crates/orion-core/src/theme.rs
FN:74,_RNvNtNtCs20Ygd6RoaGo_10orion_core5theme5testss_25rgb565_blend_interpolates
FN:53,_RNvNtNtCs20Ygd6RoaGo_10orion_core5theme5testss_28rgb565_matches_cpp_byte_swap
FN:60,_RNvNtNtCs20Ygd6RoaGo_10orion_core5theme5testss_37rgb565_blend_returns_bg_at_alpha_zero
FN:67,_RNvNtNtCs20Ygd6RoaGo_10orion_core5theme5testss_37rgb565_blend_returns_fg_at_alpha_four
FN:6,_RNvNtCs20Ygd6RoaGo_10orion_core5theme12rgb565_blend
FN:1,_RNvNtCs20Ygd6RoaGo_10orion_core5theme6rgb565
FNDA:1,_RNvNtNtCs20Ygd6RoaGo_10orion_core5theme5testss_25rgb565_blend_interpolates
FNDA:1,_RNvNtNtCs20Ygd6RoaGo_10orion_core5theme5testss_28rgb565_matches_cpp_byte_swap
FNDA:1,_RNvNtNtCs20Ygd6RoaGo_10orion_core5theme5testss_37rgb565_blend_returns_bg_at_alpha_zero
FNDA:1,_RNvNtNtCs20Ygd6RoaGo_10orion_core5theme5testss_37rgb565_blend_returns_fg_at_alpha_four
FNDA:12883,_RNvNtCs20Ygd6RoaGo_10orion_core5theme12rgb565_blend
FNDA:9,_RNvNtCs20Ygd6RoaGo_10orion_core5theme6rgb565
FNF:6
FNH:6
DA:1,9
DA:2,9
DA:3,9
DA:4,9
DA:6,12883
DA:7,12883
DA:8,4566
DA:9,2896
DA:10,5421
DA:11,5421
DA:12,5421
DA:13,5421
DA:14,5421
DA:15,5421
DA:16,5421
DA:17,5421
DA:18,5421
DA:19,5421
DA:20,5421
DA:21,5421
DA:22,5421
DA:23,5421
DA:26,12883
DA:53,1
DA:54,1
DA:55,1
DA:56,1
DA:57,1
DA:60,1
DA:61,1
DA:62,1
DA:63,1
DA:64,1
DA:67,1
DA:68,1
DA:69,1
DA:70,1
DA:71,1
DA:74,1
DA:75,1
DA:76,1
DA:77,1
DA:78,1
DA:79,1
DA:80,1
DA:81,1
DA:82,1
DA:83,1
DA:84,1
DA:85,1
BRF:0
BRH:0
LF:50
LH:50
end_of_record
SF:/Users/ivan/projects/github/esp/orion-rust/crates/orion-core/src/ui_widgets.rs
FN:5,_RINvNtCs20Ygd6RoaGo_10orion_core10ui_widgets15draw_option_rowINtNtB4_15tetris_renderer16RotatedClockwiseNtNtB4_6render16RecordingDisplayEEB4_
FN:5,_RINvNtCs20Ygd6RoaGo_10orion_core10ui_widgets15draw_option_rowNtNtB4_6render16RecordingDisplayEB4_
FN:40,_RINvNtCs20Ygd6RoaGo_10orion_core10ui_widgets16draw_menu_buttonNtNtB4_6render16RecordingDisplayEB4_
FN:98,_RNvNtNtCs20Ygd6RoaGo_10orion_core10ui_widgets5testss_33menu_button_draws_button_and_icon
FN:68,_RNvNtNtCs20Ygd6RoaGo_10orion_core10ui_widgets5testss_37selected_row_draws_overlay_and_accent
FN:84,_RNCNvNtNtCs20Ygd6RoaGo_10orion_core10ui_widgets5testss_37selected_row_draws_overlay_and_accent0B7_
FNDA:4,_RINvNtCs20Ygd6RoaGo_10orion_core10ui_widgets15draw_option_rowINtNtB4_15tetris_renderer16RotatedClockwiseNtNtB4_6render16RecordingDisplayEEB4_
FNDA:33,_RINvNtCs20Ygd6RoaGo_10orion_core10ui_widgets15draw_option_rowNtNtB4_6render16RecordingDisplayEB4_
FNDA:6,_RINvNtCs20Ygd6RoaGo_10orion_core10ui_widgets16draw_menu_buttonNtNtB4_6render16RecordingDisplayEB4_
FNDA:1,_RNvNtNtCs20Ygd6RoaGo_10orion_core10ui_widgets5testss_33menu_button_draws_button_and_icon
FNDA:1,_RNvNtNtCs20Ygd6RoaGo_10orion_core10ui_widgets5testss_37selected_row_draws_overlay_and_accent
FNDA:2,_RNCNvNtNtCs20Ygd6RoaGo_10orion_core10ui_widgets5testss_37selected_row_draws_overlay_and_accent0B7_
FNF:5
FNH:5
DA:5,37
DA:6,37
DA:7,37
DA:8,37
DA:9,37
DA:10,37
DA:11,37
DA:12,37
DA:13,37
DA:14,37
DA:15,37
DA:16,37
DA:17,37
DA:18,37
DA:20,37
DA:22,37
DA:23,16
DA:24,21
DA:26,37
DA:27,15
DA:28,15
DA:29,22
DA:30,22
DA:31,22
DA:32,22
DA:33,22
DA:34,22
DA:38,37
DA:40,6
DA:41,6
DA:42,6
DA:43,6
DA:44,6
DA:47,6
DA:49,6
DA:50,6
DA:51,6
DA:52,6
DA:53,6
DA:54,6
DA:55,6
DA:56,6
DA:57,6
DA:60,6
DA:68,1
DA:69,1
DA:70,1
DA:71,1
DA:72,1
DA:83,1
DA:84,2
DA:95,1
DA:98,1
DA:99,1
DA:100,1
DA:101,1
DA:102,1
DA:113,1
BRF:0
BRH:0
LF:58
LH:58
end_of_record